
======================================================================
PHASE 2: Direct Nyström T_h Calderón Preconditioner
======================================================================

  Geometry: Koch(1), N_panels=144, N_quad=2304

  Assembling T_h (direct Nyström kernel)...
    assembly time: 0.20s

  === Operator diagnostics ===
    Galerkin symmetry ||diag(w)T - (diag(w)T)^T|| / ||...||  = 4.587e-17
    Nullspace ||T_h @ 1|| / (||T_h|| sqrt(Nq))               = 3.407e-03

  === Calderón condition numbers ===
    cond(V_h)   = 1.337e+04
    cond(T̃_h)  = 1.653e+03
    cond(T̃V)   = 6.429e+03
    Improvement: 2.08×  ← Calderón marginal

  === T̃V eigenvalue spectrum ===
    w_avg/4     = 0.000338  (theory: smooth boundary cluster)
    min|λ|      = 0.2608
    max|λ|      = 3.5416
    median|λ|   = 0.3897
    %  in [0.5,2]×median = 99.1%
  saved phase2_eigenvalues → /Users/ismaillabaali/SEBINN/experiments/ex1_Koch/figures/phase2_eigenvalues.png
  saved phase2_nullspace → /Users/ismaillabaali/SEBINN/experiments/ex1_Koch/figures/phase2_nullspace.png

  === Manufactured density setup ===
    γ_true          = [np.float64(1.0), np.float64(-0.5), np.float64(1.0), np.float64(-0.5), np.float64(1.0), np.float64(-0.5)]
    Enrichment energy = 31.53%
    BEM rel-res     = 9.86e-13
    ||σ_BEM - σ_mfg|| = 1.3234e-07

  === Operator setup ===
    ||V_inv·V − I||_F/√N = 2.770e-14
    op.V_inv and op.T_tilde attached

  === Training comparison (B / D_exact / D_calderon) ===

================================================================
  Case B (SE-BINN, std) | loss=standard_loss
================================================================
  trainable params: 19767
phase 1/1 | iters=500 | lr=1.0e-03 | Nb=2304
  Adam    1 | loss=2.310e-02 | mse_unsc=2.310e-02 | gamma=[0.0000, 0.0000, 0.0000, 0.0000, 0.0000, 0.0000] | phase=1
  Adam  100 | loss=1.003e-02 | mse_unsc=1.003e-02 | gamma=[0.0519, -0.0601, 0.0530, 0.0182, -0.0291, 0.0159] | phase=1
  Adam  200 | loss=5.201e-03 | mse_unsc=5.201e-03 | gamma=[0.1205, -0.1432, 0.1197, 0.0330, -0.0811, 0.0323] | phase=1
  Adam  300 | loss=9.952e-04 | mse_unsc=9.952e-04 | gamma=[0.1447, -0.1751, 0.1445, 0.0042, -0.0495, 0.0066] | phase=1
  Adam  400 | loss=8.509e-04 | mse_unsc=8.509e-04 | gamma=[0.1489, -0.1918, 0.1496, -0.0192, 0.0035, -0.0146] | phase=1
  Adam  500 | loss=7.711e-04 | mse_unsc=7.711e-04 | gamma=[0.1517, -0.2090, 0.1527, -0.0371, 0.0580, -0.0327] | phase=1
Adam done | total_iters=500 | final_loss=7.711e-04
  [B (SE-BINN, std)] Adam-ph1: loss=7.711e-04 | d_err=0.7480 | iL2=1.280e-01 | γ=[+0.152,-0.209,+0.153,-0.037,+0.059,-0.033]
phase 1/1 | iters=500 | lr=1.0e-04 | Nb=2304
  Adam    1 | loss=7.704e-04 | mse_unsc=7.704e-04 | gamma=[0.1517, -0.2092, 0.1528, -0.0373, 0.0585, -0.0329] | phase=1
  Adam  100 | loss=7.566e-04 | mse_unsc=7.566e-04 | gamma=[0.1529, -0.2150, 0.1541, -0.0405, 0.0666, -0.0362] | phase=1
  Adam  200 | loss=7.402e-04 | mse_unsc=7.402e-04 | gamma=[0.1548, -0.2229, 0.1562, -0.0455, 0.0759, -0.0414] | phase=1
  Adam  300 | loss=7.230e-04 | mse_unsc=7.230e-04 | gamma=[0.1574, -0.2315, 0.1590, -0.0512, 0.0853, -0.0473] | phase=1
  Adam  400 | loss=7.053e-04 | mse_unsc=7.053e-04 | gamma=[0.1608, -0.2403, 0.1626, -0.0571, 0.0948, -0.0534] | phase=1
  Adam  500 | loss=6.869e-04 | mse_unsc=6.869e-04 | gamma=[0.1648, -0.2492, 0.1668, -0.0632, 0.1043, -0.0597] | phase=1
Adam done | total_iters=500 | final_loss=6.869e-04
  [B (SE-BINN, std)] Adam-ph2: loss=6.869e-04 | d_err=0.7360 | iL2=1.200e-01 | γ=[+0.165,-0.249,+0.167,-0.063,+0.104,-0.060]
LBFGS    1 | loss=6.866e-04 | gradNorm=8.872e-04 | alpha=1.00e-01 | stepNorm=8.87e-05
LBFGS  100 | loss=1.801e-04 | gradNorm=3.558e-04 | alpha=1.00e-01 | stepNorm=5.01e-03
LBFGS  200 | loss=1.522e-04 | gradNorm=5.594e-04 | alpha=1.00e-01 | stepNorm=7.26e-03
LBFGS  300 | loss=1.031e-04 | gradNorm=1.689e-03 | alpha=1.00e-01 | stepNorm=9.81e-03
LBFGS  400 | loss=8.219e-05 | gradNorm=4.146e-04 | alpha=1.00e-01 | stepNorm=1.40e-03
LBFGS  500 | loss=7.012e-05 | gradNorm=2.329e-03 | alpha=1.00e-01 | stepNorm=1.21e-03
LBFGS  600 | loss=6.228e-05 | gradNorm=9.573e-04 | alpha=1.00e-01 | stepNorm=4.86e-03
LBFGS  700 | loss=5.585e-05 | gradNorm=4.195e-04 | alpha=1.00e-01 | stepNorm=2.21e-03
LBFGS  800 | loss=5.099e-05 | gradNorm=7.965e-04 | alpha=1.00e-01 | stepNorm=6.82e-04
LBFGS  900 | loss=4.819e-05 | gradNorm=4.648e-04 | alpha=1.00e-01 | stepNorm=1.04e-03
LBFGS 1000 | loss=3.629e-05 | gradNorm=3.000e-04 | alpha=1.00e-01 | stepNorm=8.79e-04
LBFGS 1100 | loss=3.088e-05 | gradNorm=1.969e-04 | alpha=1.00e-01 | stepNorm=2.13e-03
LBFGS 1200 | loss=2.465e-05 | gradNorm=1.464e-03 | alpha=1.00e-01 | stepNorm=6.61e-03
LBFGS 1300 | loss=2.066e-05 | gradNorm=1.205e-04 | alpha=1.00e-01 | stepNorm=1.10e-04
LBFGS 1400 | loss=1.877e-05 | gradNorm=7.091e-05 | alpha=1.00e-01 | stepNorm=7.53e-04
LBFGS 1500 | loss=1.849e-05 | gradNorm=3.592e-04 | alpha=1.00e-01 | stepNorm=1.42e-03
LBFGS 1600 | loss=1.820e-05 | gradNorm=3.557e-04 | alpha=1.00e-01 | stepNorm=9.63e-05
LBFGS 1700 | loss=1.734e-05 | gradNorm=1.430e-03 | alpha=1.00e-01 | stepNorm=1.35e-02
LBFGS 1800 | loss=1.475e-05 | gradNorm=2.569e-04 | alpha=1.00e-01 | stepNorm=2.13e-03
LBFGS 1900 | loss=1.405e-05 | gradNorm=8.243e-04 | alpha=1.00e-01 | stepNorm=3.99e-04
LBFGS 2000 | loss=1.390e-05 | gradNorm=3.231e-04 | alpha=1.00e-01 | stepNorm=7.04e-04
LBFGS 2100 | loss=1.361e-05 | gradNorm=1.364e-04 | alpha=1.00e-01 | stepNorm=3.96e-04
LBFGS 2200 | loss=1.300e-05 | gradNorm=3.525e-04 | alpha=1.00e-01 | stepNorm=6.84e-04
LBFGS 2300 | loss=1.246e-05 | gradNorm=1.499e-04 | alpha=1.00e-01 | stepNorm=8.12e-04
LBFGS 2400 | loss=1.217e-05 | gradNorm=2.053e-04 | alpha=1.00e-01 | stepNorm=1.14e-03
LBFGS 2500 | loss=1.156e-05 | gradNorm=9.589e-05 | alpha=1.00e-01 | stepNorm=4.32e-04
LBFGS 2600 | loss=1.150e-05 | gradNorm=1.331e-04 | alpha=1.00e-01 | stepNorm=8.05e-04
LBFGS 2700 | loss=1.142e-05 | gradNorm=4.696e-05 | alpha=1.00e-01 | stepNorm=2.18e-04
LBFGS 2800 | loss=1.137e-05 | gradNorm=1.919e-04 | alpha=1.00e-01 | stepNorm=1.16e-04
LBFGS 2900 | loss=1.130e-05 | gradNorm=1.087e-04 | alpha=1.00e-01 | stepNorm=3.72e-05
LBFGS 3000 | loss=1.116e-05 | gradNorm=1.498e-04 | alpha=1.00e-01 | stepNorm=1.13e-03
LBFGS done | iters=3000 | reason=maxIters | ls_failures=0
  [B (SE-BINN, std)] LBFGS: loss=1.117e-05 | d_err=0.5484 | iL2=7.179e-03 | γ=[+1.294,-0.306,+1.264,-1.006,+1.037,-1.023]

  B (SE-BINN, std) final:
    Density rel-diff : 0.5484
    Interior L2      : 7.730e-03
    γ error          : 0.4398
    LBFGS reason     : maxIters
    Wall time        : 69.7s

================================================================
  Case D_exact (SE-BINN, V⁻¹) | loss=exact_precond_loss
================================================================
  trainable params: 19767
phase 1/1 | iters=500 | lr=1.0e-03 | Nb=2304
  Adam    1 | loss=3.226e+00 | mse_unsc=nan | gamma=[0.0000, 0.0000, 0.0000, 0.0000, 0.0000, 0.0000] | phase=1
  Adam  100 | loss=1.743e+00 | mse_unsc=nan | gamma=[0.0741, -0.0893, 0.0733, -0.0940, 0.1052, -0.0948] | phase=1
  Adam  200 | loss=1.484e+00 | mse_unsc=nan | gamma=[0.1078, -0.1458, 0.1086, -0.1695, 0.2116, -0.1730] | phase=1
  Adam  300 | loss=1.154e+00 | mse_unsc=nan | gamma=[0.1450, -0.1729, 0.1473, -0.2310, 0.2937, -0.2250] | phase=1
  Adam  400 | loss=1.039e+00 | mse_unsc=nan | gamma=[0.1783, -0.2009, 0.1835, -0.2582, 0.3400, -0.2486] | phase=1
  Adam  500 | loss=9.881e-01 | mse_unsc=nan | gamma=[0.2095, -0.2327, 0.2171, -0.2698, 0.3703, -0.2620] | phase=1
Adam done | total_iters=500 | final_loss=9.881e-01
  [D_exact (SE-BINN, V⁻¹)] Adam-ph1: loss=9.881e-01 | d_err=0.5541 | iL2=7.207e-02 | γ=[+0.210,-0.233,+0.217,-0.270,+0.371,-0.262]
phase 1/1 | iters=500 | lr=1.0e-04 | Nb=2304
  Adam    1 | loss=9.878e-01 | mse_unsc=nan | gamma=[0.2098, -0.2330, 0.2174, -0.2699, 0.3706, -0.2622] | phase=1
  Adam  100 | loss=9.786e-01 | mse_unsc=nan | gamma=[0.2193, -0.2428, 0.2269, -0.2751, 0.3801, -0.2680] | phase=1
  Adam  200 | loss=9.666e-01 | mse_unsc=nan | gamma=[0.2292, -0.2526, 0.2367, -0.2819, 0.3898, -0.2760] | phase=1
  Adam  300 | loss=9.527e-01 | mse_unsc=nan | gamma=[0.2391, -0.2625, 0.2464, -0.2894, 0.3995, -0.2851] | phase=1
  Adam  400 | loss=9.374e-01 | mse_unsc=nan | gamma=[0.2490, -0.2722, 0.2560, -0.2974, 0.4090, -0.2949] | phase=1
  Adam  500 | loss=9.209e-01 | mse_unsc=nan | gamma=[0.2589, -0.2820, 0.2654, -0.3059, 0.4184, -0.3052] | phase=1
Adam done | total_iters=500 | final_loss=9.209e-01
  [D_exact (SE-BINN, V⁻¹)] Adam-ph2: loss=9.209e-01 | d_err=0.5350 | iL2=4.786e-02 | γ=[+0.259,-0.282,+0.265,-0.306,+0.418,-0.305]
LBFGS    1 | loss=9.187e-01 | gradNorm=4.791e-01 | alpha=1.00e-01 | stepNorm=1.46e-02
LBFGS  100 | loss=7.860e-01 | gradNorm=4.852e-01 | alpha=1.00e-01 | stepNorm=1.10e-02
LBFGS  200 | loss=7.119e-01 | gradNorm=1.035e+00 | alpha=1.00e-01 | stepNorm=1.52e-02
LBFGS  300 | loss=6.192e-01 | gradNorm=4.131e-01 | alpha=1.00e-01 | stepNorm=4.63e-03
LBFGS  400 | loss=5.313e-01 | gradNorm=2.011e+00 | alpha=1.00e-01 | stepNorm=2.23e-02
LBFGS  500 | loss=4.719e-01 | gradNorm=7.601e-01 | alpha=1.00e-01 | stepNorm=2.33e-02
LBFGS  600 | loss=3.616e-01 | gradNorm=1.594e+00 | alpha=1.00e-01 | stepNorm=4.46e-02
LBFGS  700 | loss=2.976e-01 | gradNorm=6.027e-01 | alpha=1.00e-01 | stepNorm=7.50e-03
LBFGS  800 | loss=2.685e-01 | gradNorm=8.139e-01 | alpha=1.00e-01 | stepNorm=8.39e-03
LBFGS  900 | loss=2.443e-01 | gradNorm=6.445e-01 | alpha=1.00e-01 | stepNorm=4.72e-03
LBFGS 1000 | loss=2.267e-01 | gradNorm=8.062e-01 | alpha=1.00e-01 | stepNorm=6.98e-03
LBFGS 1100 | loss=2.136e-01 | gradNorm=6.066e-01 | alpha=1.00e-01 | stepNorm=5.05e-03
LBFGS 1200 | loss=2.027e-01 | gradNorm=5.229e-01 | alpha=1.00e-01 | stepNorm=2.52e-03
LBFGS 1300 | loss=1.941e-01 | gradNorm=4.975e-01 | alpha=1.00e-01 | stepNorm=8.06e-03
LBFGS 1400 | loss=1.866e-01 | gradNorm=2.265e-01 | alpha=1.00e-01 | stepNorm=2.92e-03
LBFGS 1500 | loss=1.755e-01 | gradNorm=4.362e-01 | alpha=1.00e-01 | stepNorm=3.61e-03
LBFGS 1600 | loss=1.713e-01 | gradNorm=6.752e-01 | alpha=1.00e-01 | stepNorm=1.30e-03
LBFGS 1700 | loss=1.649e-01 | gradNorm=4.211e-01 | alpha=1.00e-01 | stepNorm=1.20e-03
LBFGS 1800 | loss=1.593e-01 | gradNorm=7.617e-01 | alpha=1.00e-01 | stepNorm=5.36e-03
LBFGS 1900 | loss=1.527e-01 | gradNorm=4.114e-01 | alpha=1.00e-01 | stepNorm=3.39e-03
LBFGS 2000 | loss=1.447e-01 | gradNorm=1.804e+00 | alpha=5.00e-02 | stepNorm=5.22e-03
LBFGS 2100 | loss=1.425e-01 | gradNorm=6.281e-01 | alpha=1.00e-01 | stepNorm=1.39e-03
LBFGS 2200 | loss=1.382e-01 | gradNorm=1.652e+00 | alpha=1.00e-01 | stepNorm=1.26e-02
LBFGS 2300 | loss=1.316e-01 | gradNorm=1.267e+00 | alpha=1.00e-01 | stepNorm=5.91e-03
LBFGS 2400 | loss=1.267e-01 | gradNorm=1.242e+00 | alpha=1.00e-01 | stepNorm=8.13e-04
LBFGS 2500 | loss=1.238e-01 | gradNorm=5.639e-01 | alpha=1.00e-01 | stepNorm=1.07e-03
LBFGS 2600 | loss=1.184e-01 | gradNorm=8.098e-01 | alpha=1.00e-01 | stepNorm=6.98e-03
LBFGS 2700 | loss=1.137e-01 | gradNorm=1.114e+00 | alpha=1.00e-01 | stepNorm=4.59e-03
LBFGS 2800 | loss=1.087e-01 | gradNorm=4.818e-01 | alpha=1.00e-01 | stepNorm=2.58e-03
LBFGS 2900 | loss=1.057e-01 | gradNorm=3.169e-01 | alpha=1.00e-01 | stepNorm=1.13e-03
LBFGS 3000 | loss=1.020e-01 | gradNorm=5.113e-01 | alpha=1.00e-01 | stepNorm=1.59e-03
LBFGS done | iters=3000 | reason=maxIters | ls_failures=0
  [D_exact (SE-BINN, V⁻¹)] LBFGS: loss=1.021e-01 | d_err=0.1781 | iL2=1.460e-02 | γ=[+0.889,-0.407,+0.873,-0.483,+1.133,-0.568]

  D_exact (SE-BINN, V⁻¹) final:
    Density rel-diff : 0.1781
    Interior L2      : 1.518e-02
    γ error          : 0.1262
    LBFGS reason     : maxIters
    Wall time        : 74.2s

================================================================
  Case D_calderon (SE-BINN, T̃) | loss=calderon_loss
================================================================
  trainable params: 19767
phase 1/1 | iters=500 | lr=1.0e-03 | Nb=2304
  Adam    1 | loss=2.613e+03 | mse_unsc=nan | gamma=[0.0000, 0.0000, 0.0000, 0.0000, 0.0000, 0.0000] | phase=1
  Adam  100 | loss=1.797e+03 | mse_unsc=nan | gamma=[0.0475, -0.0659, 0.0481, 0.0441, -0.0614, 0.0433] | phase=1
  Adam  200 | loss=3.322e+01 | mse_unsc=nan | gamma=[0.0741, -0.1098, 0.0727, 0.0612, -0.0982, 0.0627] | phase=1
  Adam  300 | loss=2.882e+01 | mse_unsc=nan | gamma=[0.0758, -0.1121, 0.0749, 0.0546, -0.0881, 0.0569] | phase=1
  Adam  400 | loss=2.717e+01 | mse_unsc=nan | gamma=[0.0766, -0.1145, 0.0762, 0.0485, -0.0760, 0.0512] | phase=1
  Adam  500 | loss=2.642e+01 | mse_unsc=nan | gamma=[0.0771, -0.1171, 0.0769, 0.0428, -0.0624, 0.0454] | phase=1
Adam done | total_iters=500 | final_loss=2.642e+01
  [D_calderon (SE-BINN, T̃)] Adam-ph1: loss=2.642e+01 | d_err=0.7849 | iL2=2.650e-01 | γ=[+0.077,-0.117,+0.077,+0.043,-0.062,+0.045]
phase 1/1 | iters=500 | lr=1.0e-04 | Nb=2304
  Adam    1 | loss=2.644e+01 | mse_unsc=nan | gamma=[0.0771, -0.1172, 0.0769, 0.0428, -0.0623, 0.0453] | phase=1
  Adam  100 | loss=2.621e+01 | mse_unsc=nan | gamma=[0.0771, -0.1177, 0.0771, 0.0419, -0.0593, 0.0444] | phase=1
  Adam  200 | loss=2.590e+01 | mse_unsc=nan | gamma=[0.0772, -0.1187, 0.0772, 0.0404, -0.0545, 0.0428] | phase=1
  Adam  300 | loss=2.557e+01 | mse_unsc=nan | gamma=[0.0772, -0.1200, 0.0773, 0.0384, -0.0487, 0.0408] | phase=1
  Adam  400 | loss=2.524e+01 | mse_unsc=nan | gamma=[0.0770, -0.1215, 0.0773, 0.0362, -0.0421, 0.0384] | phase=1
  Adam  500 | loss=2.490e+01 | mse_unsc=nan | gamma=[0.0768, -0.1233, 0.0773, 0.0338, -0.0350, 0.0358] | phase=1
Adam done | total_iters=500 | final_loss=2.490e+01
  [D_calderon (SE-BINN, T̃)] Adam-ph2: loss=2.490e+01 | d_err=0.7739 | iL2=2.617e-01 | γ=[+0.077,-0.123,+0.077,+0.034,-0.035,+0.036]
LBFGS    1 | loss=2.483e+01 | gradNorm=4.261e+02 | alpha=3.91e-04 | stepNorm=7.72e-03
LBFGS  100 | loss=1.018e+01 | gradNorm=1.004e+02 | alpha=1.00e-01 | stepNorm=6.32e-03
LBFGS  200 | loss=9.178e+00 | gradNorm=4.600e+01 | alpha=1.00e-01 | stepNorm=2.76e-03
LBFGS  300 | loss=8.544e+00 | gradNorm=4.326e+01 | alpha=1.00e-01 | stepNorm=5.29e-03
LBFGS  400 | loss=7.116e+00 | gradNorm=6.562e+01 | alpha=1.00e-01 | stepNorm=1.96e-03
LBFGS  500 | loss=5.769e+00 | gradNorm=4.994e+01 | alpha=1.00e-01 | stepNorm=1.30e-02
LBFGS  600 | loss=4.770e+00 | gradNorm=6.663e+01 | alpha=1.00e-01 | stepNorm=9.32e-03
LBFGS  700 | loss=4.197e+00 | gradNorm=3.175e+02 | alpha=1.00e-01 | stepNorm=4.68e-03
LBFGS  800 | loss=2.453e+00 | gradNorm=9.138e+01 | alpha=1.00e-01 | stepNorm=3.70e-03
LBFGS  900 | loss=2.031e+00 | gradNorm=2.156e+01 | alpha=1.00e-01 | stepNorm=1.73e-03
LBFGS 1000 | loss=1.939e+00 | gradNorm=4.022e+01 | alpha=1.00e-01 | stepNorm=2.77e-04
LBFGS 1100 | loss=1.709e+00 | gradNorm=4.238e+01 | alpha=1.00e-01 | stepNorm=5.52e-03
LBFGS 1200 | loss=1.342e+00 | gradNorm=1.637e+02 | alpha=1.00e-01 | stepNorm=3.67e-03
LBFGS 1300 | loss=1.180e+00 | gradNorm=3.257e+01 | alpha=1.00e-01 | stepNorm=1.75e-03
LBFGS 1400 | loss=1.124e+00 | gradNorm=3.106e+01 | alpha=1.00e-01 | stepNorm=1.10e-03
LBFGS 1500 | loss=1.071e+00 | gradNorm=1.413e+01 | alpha=1.00e-01 | stepNorm=1.07e-03
LBFGS 1600 | loss=9.827e-01 | gradNorm=4.468e+01 | alpha=1.00e-01 | stepNorm=7.11e-03
LBFGS 1700 | loss=9.435e-01 | gradNorm=3.771e+01 | alpha=1.00e-01 | stepNorm=1.51e-03
LBFGS 1800 | loss=9.215e-01 | gradNorm=6.111e+00 | alpha=1.00e-01 | stepNorm=1.29e-04
LBFGS 1900 | loss=9.118e-01 | gradNorm=1.405e+01 | alpha=1.00e-01 | stepNorm=3.09e-04
LBFGS 2000 | loss=8.841e-01 | gradNorm=8.397e+00 | alpha=1.00e-01 | stepNorm=5.29e-05
LBFGS 2100 | loss=8.642e-01 | gradNorm=2.569e+01 | alpha=1.00e-01 | stepNorm=1.38e-03
LBFGS 2200 | loss=8.235e-01 | gradNorm=1.685e+01 | alpha=1.00e-01 | stepNorm=6.91e-04
LBFGS 2300 | loss=7.935e-01 | gradNorm=6.372e+00 | alpha=1.00e-01 | stepNorm=2.64e-03
LBFGS 2400 | loss=7.592e-01 | gradNorm=3.243e+01 | alpha=1.00e-01 | stepNorm=1.93e-03
LBFGS 2500 | loss=7.366e-01 | gradNorm=3.646e+01 | alpha=1.00e-01 | stepNorm=1.03e-03
LBFGS 2600 | loss=7.283e-01 | gradNorm=3.114e+01 | alpha=1.00e-01 | stepNorm=1.70e-04
LBFGS 2700 | loss=7.244e-01 | gradNorm=5.646e+01 | alpha=1.00e-01 | stepNorm=6.90e-04
LBFGS 2800 | loss=7.086e-01 | gradNorm=8.477e+00 | alpha=1.00e-01 | stepNorm=7.23e-05
LBFGS 2900 | loss=7.063e-01 | gradNorm=4.572e+00 | alpha=1.00e-01 | stepNorm=4.45e-05
LBFGS 3000 | loss=6.958e-01 | gradNorm=1.192e+02 | alpha=1.00e-01 | stepNorm=2.62e-04
LBFGS done | iters=3000 | reason=maxIters | ls_failures=0
  [D_calderon (SE-BINN, T̃)] LBFGS: loss=6.959e-01 | d_err=0.5354 | iL2=2.417e-02 | γ=[+0.858,-0.745,+1.108,-0.704,+0.814,-0.935]

  D_calderon (SE-BINN, T̃) final:
    Density rel-diff : 0.5354
    Interior L2      : 2.491e-02
    γ error          : 0.3086
    LBFGS reason     : maxIters
    Wall time        : 75.1s

======================================================================
PHASE 2 SUMMARY
======================================================================
  Case                               d_err         iL2     γ_err     time
  ------------------------------  --------  ----------  --------  -------
  B (SE-BINN, std)                  0.5484   7.730e-03    0.4398    69.7s
  D_exact (SE-BINN, V⁻¹)            0.1781   1.518e-02    0.1262    74.2s
  D_calderon (SE-BINN, T̃)          0.5354   2.491e-02    0.3086    75.1s

  T̃ preconditioner improvement: 1.02×  (d_err: 0.5484 → 0.5354)
  saved phase2_training → /Users/ismaillabaali/SEBINN/experiments/ex1_Koch/figures/phase2_training.png

  All figures saved to /Users/ismaillabaali/SEBINN/experiments/ex1_Koch/figures/
