========================================================================
  Koch(1) — Calderón preconditioner phase 1
========================================================================

--- Setup ---
  Nq=2304 | arc=3.1177 | d_min=0.259808 | R=0.129904

--- Hypersingular assembly ---
  Assembly time: 16.00s
  W_h asymmetry ||W-W^T||/||W|| = 6.005e-16  (should ≈ 0)
  W_h nullspace ||W·1||/||W|| = 1.366e-16  (should ≈ 0)
  cond(V_h)       = 1.337e+04
  cond(W_tilde)   = 6.430e+03
  cond(W̃ V_h)    = 2.230e+04
  → Calderón NOT EFFECTIVE on Koch polygon
     Root cause: -WV = I/4 - K^2; K not compact at reentrant corners (ω=4π/3)
  D_h derivative rel.err on sin(2πs/L): 7.076e-13  (should < 1e-10)

--- Exact preconditioner ---
  V_inv computed in 0.50s
  ‖V_inv·V − I‖_F/‖I‖_F = 1.768e-14

--- Manufactured density ---
  γ_true = [np.float64(1.0), np.float64(-0.5), np.float64(1.0), np.float64(-0.5), np.float64(1.0), np.float64(-0.5)]
  Enrichment energy = 30.20%
  GMRES flag = 0 | rel_res = 9.637e-13

--- Operator setup ---
  Nb=2304 | eq_scale=1.0
  op.V_inv and op.W_tilde attached

--- Training (short budget) ---

================================================================
  Case B (SE-BINN, std) | loss=standard_loss
================================================================
  trainable params: 19767
phase 1/1 | iters=500 | lr=1.0e-03 | Nb=2304
  Adam    1 | loss=2.069e-02 | mse_unsc=2.069e-02 | gamma=[0.0000, 0.0000, 0.0000, 0.0000, 0.0000, 0.0000] | phase=1
  Adam  100 | loss=9.775e-03 | mse_unsc=9.775e-03 | gamma=[0.0541, -0.0627, 0.0551, 0.0198, -0.0325, 0.0177] | phase=1
  Adam  200 | loss=4.183e-03 | mse_unsc=4.183e-03 | gamma=[0.1233, -0.1459, 0.1225, 0.0356, -0.0861, 0.0351] | phase=1
  Adam  300 | loss=9.279e-04 | mse_unsc=9.279e-04 | gamma=[0.1444, -0.1739, 0.1442, 0.0062, -0.0496, 0.0085] | phase=1
  Adam  400 | loss=8.128e-04 | mse_unsc=8.128e-04 | gamma=[0.1486, -0.1905, 0.1491, -0.0162, 0.0035, -0.0124] | phase=1
  Adam  500 | loss=7.136e-04 | mse_unsc=7.136e-04 | gamma=[0.1520, -0.2078, 0.1528, -0.0337, 0.0578, -0.0303] | phase=1
Adam done | total_iters=500 | final_loss=7.136e-04
  [B (SE-BINN, std)] Adam-ph1: loss=7.136e-04 | d_err=0.7554 | iL2=1.326e-01 | γ=[+0.152,-0.208,+0.153,-0.034,+0.058,-0.030]
phase 1/1 | iters=500 | lr=1.0e-04 | Nb=2304
  Adam    1 | loss=7.130e-04 | mse_unsc=7.130e-04 | gamma=[0.1520, -0.2080, 0.1529, -0.0339, 0.0584, -0.0304] | phase=1
  Adam  100 | loss=6.992e-04 | mse_unsc=6.992e-04 | gamma=[0.1538, -0.2149, 0.1548, -0.0385, 0.0673, -0.0352] | phase=1
  Adam  200 | loss=6.835e-04 | mse_unsc=6.835e-04 | gamma=[0.1570, -0.2236, 0.1581, -0.0450, 0.0769, -0.0419] | phase=1
  Adam  300 | loss=6.671e-04 | mse_unsc=6.671e-04 | gamma=[0.1611, -0.2326, 0.1625, -0.0520, 0.0866, -0.0490] | phase=1
  Adam  400 | loss=6.503e-04 | mse_unsc=6.503e-04 | gamma=[0.1662, -0.2418, 0.1678, -0.0590, 0.0962, -0.0562] | phase=1
  Adam  500 | loss=6.330e-04 | mse_unsc=6.330e-04 | gamma=[0.1720, -0.2510, 0.1737, -0.0661, 0.1058, -0.0634] | phase=1
Adam done | total_iters=500 | final_loss=6.330e-04
  [B (SE-BINN, std)] Adam-ph2: loss=6.330e-04 | d_err=0.7420 | iL2=1.242e-01 | γ=[+0.172,-0.251,+0.174,-0.066,+0.106,-0.064]
LBFGS    1 | loss=6.328e-04 | gradNorm=7.832e-04 | alpha=1.00e-01 | stepNorm=7.83e-05
LBFGS  100 | loss=1.914e-04 | gradNorm=1.245e-04 | alpha=1.00e-01 | stepNorm=4.29e-03
LBFGS  200 | loss=1.479e-04 | gradNorm=2.010e-03 | alpha=1.00e-01 | stepNorm=2.68e-02
LBFGS  300 | loss=1.032e-04 | gradNorm=1.331e-03 | alpha=1.00e-01 | stepNorm=1.18e-02
LBFGS  400 | loss=7.371e-05 | gradNorm=3.943e-04 | alpha=1.00e-01 | stepNorm=5.23e-03
LBFGS  500 | loss=6.823e-05 | gradNorm=3.119e-04 | alpha=1.00e-01 | stepNorm=7.04e-03
LBFGS  600 | loss=5.594e-05 | gradNorm=3.257e-03 | alpha=1.00e-01 | stepNorm=7.17e-03
LBFGS  700 | loss=4.441e-05 | gradNorm=7.525e-04 | alpha=1.00e-01 | stepNorm=2.18e-03
LBFGS  800 | loss=4.000e-05 | gradNorm=2.940e-04 | alpha=1.00e-01 | stepNorm=1.40e-03
LBFGS  900 | loss=3.865e-05 | gradNorm=2.276e-04 | alpha=1.00e-01 | stepNorm=9.43e-04
LBFGS 1000 | loss=2.798e-05 | gradNorm=1.139e-03 | alpha=1.00e-01 | stepNorm=7.86e-03
LBFGS 1100 | loss=2.432e-05 | gradNorm=8.068e-04 | alpha=1.00e-01 | stepNorm=5.36e-03
LBFGS 1200 | loss=2.105e-05 | gradNorm=1.146e-03 | alpha=1.00e-01 | stepNorm=9.06e-03
LBFGS 1300 | loss=2.003e-05 | gradNorm=5.555e-04 | alpha=1.00e-01 | stepNorm=4.96e-04
LBFGS 1400 | loss=1.853e-05 | gradNorm=1.020e-03 | alpha=1.00e-01 | stepNorm=5.24e-04
LBFGS 1500 | loss=1.725e-05 | gradNorm=7.263e-04 | alpha=1.00e-01 | stepNorm=1.71e-03
LBFGS 1600 | loss=1.573e-05 | gradNorm=5.043e-04 | alpha=1.00e-01 | stepNorm=1.23e-04
LBFGS 1700 | loss=1.505e-05 | gradNorm=4.945e-04 | alpha=1.00e-01 | stepNorm=1.84e-03
LBFGS 1800 | loss=1.478e-05 | gradNorm=1.084e-04 | alpha=1.00e-01 | stepNorm=3.04e-04
LBFGS 1900 | loss=1.424e-05 | gradNorm=1.545e-04 | alpha=1.00e-01 | stepNorm=2.14e-03
LBFGS 2000 | loss=1.372e-05 | gradNorm=3.822e-04 | alpha=1.00e-01 | stepNorm=3.29e-04
LBFGS 2100 | loss=1.353e-05 | gradNorm=2.140e-04 | alpha=1.00e-01 | stepNorm=2.87e-04
LBFGS 2200 | loss=1.321e-05 | gradNorm=1.709e-04 | alpha=1.00e-01 | stepNorm=6.24e-04
LBFGS 2300 | loss=1.278e-05 | gradNorm=1.860e-04 | alpha=1.00e-01 | stepNorm=7.19e-05
LBFGS 2400 | loss=1.266e-05 | gradNorm=3.419e-04 | alpha=1.00e-01 | stepNorm=2.03e-04
LBFGS 2500 | loss=1.251e-05 | gradNorm=4.041e-04 | alpha=1.00e-01 | stepNorm=7.11e-04
LBFGS 2600 | loss=1.225e-05 | gradNorm=1.188e-04 | alpha=1.00e-01 | stepNorm=2.68e-04
LBFGS 2700 | loss=1.198e-05 | gradNorm=9.402e-04 | alpha=1.00e-01 | stepNorm=6.88e-04
LBFGS 2800 | loss=1.185e-05 | gradNorm=1.519e-04 | alpha=1.00e-01 | stepNorm=3.18e-04
LBFGS 2900 | loss=1.169e-05 | gradNorm=1.745e-04 | alpha=1.00e-01 | stepNorm=8.64e-04
LBFGS 3000 | loss=1.150e-05 | gradNorm=2.566e-04 | alpha=1.00e-01 | stepNorm=1.01e-03
LBFGS done | iters=3000 | reason=maxIters | ls_failures=0
  [B (SE-BINN, std)] LBFGS: loss=1.151e-05 | d_err=0.5512 | iL2=9.346e-03 | γ=[+1.159,-0.389,+1.166,-0.895,+1.057,-0.854]

  B (SE-BINN, std) final:
    Density rel-diff : 0.5512
    Interior L2      : 8.743e-03
    γ error          : 0.3054
    LBFGS reason     : maxIters
    Wall time        : 72.1s

================================================================
  Case D_exact (SE-BINN, V⁻¹) | loss=exact_precond_loss
================================================================
  trainable params: 19767
phase 1/1 | iters=500 | lr=1.0e-03 | Nb=2304
  Adam    1 | loss=3.164e+00 | mse_unsc=3.164e+00 | gamma=[0.0000, 0.0000, 0.0000, 0.0000, 0.0000, 0.0000] | phase=1
  Adam  100 | loss=1.728e+00 | mse_unsc=1.728e+00 | gamma=[0.0755, -0.0896, 0.0747, -0.0951, 0.1049, -0.0962] | phase=1
  Adam  200 | loss=1.409e+00 | mse_unsc=1.409e+00 | gamma=[0.1145, -0.1464, 0.1166, -0.1734, 0.2102, -0.1771] | phase=1
  Adam  300 | loss=1.141e+00 | mse_unsc=1.141e+00 | gamma=[0.1553, -0.1766, 0.1584, -0.2370, 0.2929, -0.2317] | phase=1
  Adam  400 | loss=1.058e+00 | mse_unsc=1.058e+00 | gamma=[0.1897, -0.2087, 0.1948, -0.2661, 0.3426, -0.2556] | phase=1
  Adam  500 | loss=1.013e+00 | mse_unsc=1.013e+00 | gamma=[0.2207, -0.2448, 0.2274, -0.2775, 0.3770, -0.2762] | phase=1
Adam done | total_iters=500 | final_loss=1.013e+00
  [D_exact (SE-BINN, V⁻¹)] Adam-ph1: loss=1.013e+00 | d_err=0.5635 | iL2=2.766e-01 | γ=[+0.221,-0.245,+0.228,-0.278,+0.377,-0.276]
phase 1/1 | iters=500 | lr=1.0e-04 | Nb=2304
  Adam    1 | loss=1.002e+00 | mse_unsc=1.002e+00 | gamma=[0.2210, -0.2452, 0.2277, -0.2776, 0.3774, -0.2764] | phase=1
  Adam  100 | loss=9.890e-01 | mse_unsc=9.890e-01 | gamma=[0.2305, -0.2549, 0.2373, -0.2834, 0.3870, -0.2843] | phase=1
  Adam  200 | loss=9.759e-01 | mse_unsc=9.759e-01 | gamma=[0.2404, -0.2647, 0.2472, -0.2911, 0.3966, -0.2931] | phase=1
  Adam  300 | loss=9.604e-01 | mse_unsc=9.604e-01 | gamma=[0.2505, -0.2743, 0.2571, -0.2992, 0.4062, -0.3019] | phase=1
  Adam  400 | loss=9.425e-01 | mse_unsc=9.425e-01 | gamma=[0.2606, -0.2839, 0.2668, -0.3079, 0.4156, -0.3104] | phase=1
  Adam  500 | loss=9.222e-01 | mse_unsc=9.222e-01 | gamma=[0.2707, -0.2934, 0.2763, -0.3175, 0.4250, -0.3187] | phase=1
Adam done | total_iters=500 | final_loss=9.222e-01
  [D_exact (SE-BINN, V⁻¹)] Adam-ph2: loss=9.222e-01 | d_err=0.5405 | iL2=5.202e-02 | γ=[+0.271,-0.293,+0.276,-0.318,+0.425,-0.319]
LBFGS    1 | loss=9.202e-01 | gradNorm=1.572e+00 | alpha=1.00e-01 | stepNorm=1.49e-02
LBFGS  100 | loss=7.841e-01 | gradNorm=8.415e-01 | alpha=1.00e-01 | stepNorm=2.17e-02
LBFGS  200 | loss=7.136e-01 | gradNorm=7.475e-01 | alpha=1.00e-01 | stepNorm=8.99e-03
LBFGS  300 | loss=6.649e-01 | gradNorm=7.031e-01 | alpha=1.00e-01 | stepNorm=1.39e-02
LBFGS  400 | loss=5.830e-01 | gradNorm=1.209e+00 | alpha=1.00e-01 | stepNorm=6.68e-02
LBFGS  500 | loss=4.744e-01 | gradNorm=9.715e-01 | alpha=1.00e-01 | stepNorm=2.60e-02
LBFGS  600 | loss=4.065e-01 | gradNorm=1.474e+00 | alpha=1.00e-01 | stepNorm=5.19e-02
LBFGS  700 | loss=3.247e-01 | gradNorm=2.121e+00 | alpha=1.00e-01 | stepNorm=2.28e-02
LBFGS  800 | loss=2.861e-01 | gradNorm=8.119e-01 | alpha=1.00e-01 | stepNorm=7.48e-03
LBFGS  900 | loss=2.465e-01 | gradNorm=2.910e+00 | alpha=1.00e-01 | stepNorm=7.92e-03
LBFGS 1000 | loss=2.363e-01 | gradNorm=2.640e+00 | alpha=1.00e-01 | stepNorm=5.84e-03
LBFGS 1100 | loss=2.060e-01 | gradNorm=6.535e-01 | alpha=1.00e-01 | stepNorm=1.22e-02
LBFGS 1200 | loss=1.758e-01 | gradNorm=6.547e-01 | alpha=1.00e-01 | stepNorm=1.91e-02
LBFGS 1300 | loss=1.569e-01 | gradNorm=8.094e-01 | alpha=1.00e-01 | stepNorm=3.93e-03
LBFGS 1400 | loss=1.394e-01 | gradNorm=2.323e+00 | alpha=1.00e-01 | stepNorm=1.55e-02
LBFGS 1500 | loss=1.306e-01 | gradNorm=2.703e+00 | alpha=1.00e-01 | stepNorm=1.28e-03
LBFGS 1600 | loss=1.197e-01 | gradNorm=7.798e-01 | alpha=1.00e-01 | stepNorm=1.76e-03
LBFGS 1700 | loss=1.096e-01 | gradNorm=7.019e-01 | alpha=1.00e-01 | stepNorm=2.39e-03
LBFGS 1800 | loss=1.038e-01 | gradNorm=9.921e-01 | alpha=1.00e-01 | stepNorm=3.07e-03
LBFGS 1900 | loss=9.903e-02 | gradNorm=3.100e-01 | alpha=1.00e-01 | stepNorm=1.66e-04
LBFGS 2000 | loss=9.691e-02 | gradNorm=4.962e-01 | alpha=1.00e-01 | stepNorm=5.48e-04
LBFGS 2100 | loss=9.528e-02 | gradNorm=1.065e+00 | alpha=1.00e-01 | stepNorm=4.02e-04
LBFGS 2200 | loss=9.337e-02 | gradNorm=7.525e-01 | alpha=1.00e-01 | stepNorm=1.32e-03
LBFGS 2300 | loss=9.060e-02 | gradNorm=5.272e-01 | alpha=1.00e-01 | stepNorm=2.09e-03
LBFGS 2400 | loss=8.770e-02 | gradNorm=6.633e-01 | alpha=1.00e-01 | stepNorm=4.14e-04
LBFGS 2500 | loss=8.561e-02 | gradNorm=4.344e-01 | alpha=1.00e-01 | stepNorm=4.42e-04
LBFGS 2600 | loss=8.362e-02 | gradNorm=7.933e-01 | alpha=1.00e-01 | stepNorm=9.10e-04
LBFGS 2700 | loss=8.108e-02 | gradNorm=9.424e-01 | alpha=1.00e-01 | stepNorm=1.41e-03
LBFGS 2800 | loss=7.967e-02 | gradNorm=3.106e-01 | alpha=1.00e-01 | stepNorm=4.86e-04
LBFGS 2900 | loss=7.832e-02 | gradNorm=3.949e-01 | alpha=1.00e-01 | stepNorm=6.32e-04
LBFGS 3000 | loss=7.687e-02 | gradNorm=2.662e-01 | alpha=1.00e-01 | stepNorm=3.74e-04
LBFGS done | iters=3000 | reason=maxIters | ls_failures=0
  [D_exact (SE-BINN, V⁻¹)] LBFGS: loss=7.687e-02 | d_err=0.1561 | iL2=1.735e-02 | γ=[+1.045,-0.424,+0.981,-0.476,+1.166,-0.581]

  D_exact (SE-BINN, V⁻¹) final:
    Density rel-diff : 0.1561
    Interior L2      : 1.764e-02
    γ error          : 0.1070
    LBFGS reason     : maxIters
    Wall time        : 77.4s

================================================================
  Case D_calderon (SE-BINN, W̃) | loss=calderon_loss
================================================================
  trainable params: 19767
phase 1/1 | iters=500 | lr=1.0e-03 | Nb=2304
  Adam    1 | loss=2.205e-02 | mse_unsc=2.205e-02 | gamma=[0.0000, 0.0000, 0.0000, 0.0000, 0.0000, 0.0000] | phase=1
  Adam  100 | loss=1.099e-02 | mse_unsc=1.099e-02 | gamma=[0.0594, -0.0682, 0.0601, 0.0211, -0.0371, 0.0190] | phase=1
  Adam  200 | loss=2.713e-03 | mse_unsc=2.713e-03 | gamma=[0.1305, -0.1519, 0.1294, 0.0339, -0.0909, 0.0336] | phase=1
  Adam  300 | loss=1.025e-03 | mse_unsc=1.025e-03 | gamma=[0.1482, -0.1763, 0.1479, 0.0000, -0.0435, 0.0029] | phase=1
  Adam  400 | loss=8.824e-04 | mse_unsc=8.824e-04 | gamma=[0.1519, -0.1936, 0.1521, -0.0237, 0.0137, -0.0198] | phase=1
  Adam  500 | loss=8.021e-04 | mse_unsc=8.021e-04 | gamma=[0.1557, -0.2120, 0.1561, -0.0427, 0.0718, -0.0393] | phase=1
Adam done | total_iters=500 | final_loss=8.021e-04
  [D_calderon (SE-BINN, W̃)] Adam-ph1: loss=8.021e-04 | d_err=0.7530 | iL2=1.285e-01 | γ=[+0.156,-0.212,+0.156,-0.043,+0.072,-0.040]
phase 1/1 | iters=500 | lr=1.0e-04 | Nb=2304
  Adam    1 | loss=8.013e-04 | mse_unsc=8.013e-04 | gamma=[0.1558, -0.2122, 0.1562, -0.0428, 0.0723, -0.0395] | phase=1
  Adam  100 | loss=7.899e-04 | mse_unsc=7.899e-04 | gamma=[0.1569, -0.2174, 0.1573, -0.0456, 0.0797, -0.0424] | phase=1
  Adam  200 | loss=7.748e-04 | mse_unsc=7.748e-04 | gamma=[0.1588, -0.2247, 0.1594, -0.0499, 0.0887, -0.0468] | phase=1
  Adam  300 | loss=7.585e-04 | mse_unsc=7.585e-04 | gamma=[0.1614, -0.2328, 0.1621, -0.0549, 0.0981, -0.0520] | phase=1
  Adam  400 | loss=7.412e-04 | mse_unsc=7.412e-04 | gamma=[0.1647, -0.2413, 0.1655, -0.0604, 0.1075, -0.0577] | phase=1
  Adam  500 | loss=7.231e-04 | mse_unsc=7.231e-04 | gamma=[0.1685, -0.2500, 0.1695, -0.0662, 0.1169, -0.0637] | phase=1
Adam done | total_iters=500 | final_loss=7.231e-04
  [D_calderon (SE-BINN, W̃)] Adam-ph2: loss=7.231e-04 | d_err=0.7417 | iL2=1.213e-01 | γ=[+0.169,-0.250,+0.169,-0.066,+0.117,-0.064]
LBFGS    1 | loss=7.229e-04 | gradNorm=9.093e-04 | alpha=1.00e-01 | stepNorm=9.09e-05
LBFGS  100 | loss=2.169e-04 | gradNorm=8.150e-04 | alpha=1.00e-01 | stepNorm=1.28e-03
LBFGS  200 | loss=1.981e-04 | gradNorm=5.122e-04 | alpha=1.00e-01 | stepNorm=6.42e-03
LBFGS  300 | loss=1.628e-04 | gradNorm=7.010e-04 | alpha=1.00e-01 | stepNorm=4.17e-03
LBFGS  400 | loss=1.321e-04 | gradNorm=7.595e-03 | alpha=1.00e-01 | stepNorm=1.68e-02
LBFGS  500 | loss=1.205e-04 | gradNorm=7.128e-04 | alpha=1.00e-01 | stepNorm=2.58e-03
LBFGS  600 | loss=9.699e-05 | gradNorm=1.310e-03 | alpha=1.00e-01 | stepNorm=7.35e-03
LBFGS  700 | loss=7.402e-05 | gradNorm=4.079e-04 | alpha=1.00e-01 | stepNorm=2.70e-03
LBFGS  800 | loss=6.698e-05 | gradNorm=4.228e-04 | alpha=1.00e-01 | stepNorm=8.84e-04
LBFGS  900 | loss=6.152e-05 | gradNorm=6.222e-04 | alpha=1.00e-01 | stepNorm=7.67e-03
LBFGS 1000 | loss=4.013e-05 | gradNorm=3.694e-04 | alpha=1.00e-01 | stepNorm=2.68e-03
LBFGS 1100 | loss=3.491e-05 | gradNorm=1.125e-03 | alpha=1.00e-01 | stepNorm=5.01e-03
LBFGS 1200 | loss=2.943e-05 | gradNorm=3.146e-04 | alpha=1.00e-01 | stepNorm=1.54e-03
LBFGS 1300 | loss=2.283e-05 | gradNorm=6.836e-04 | alpha=1.00e-01 | stepNorm=4.02e-03
LBFGS 1400 | loss=1.777e-05 | gradNorm=4.023e-04 | alpha=1.00e-01 | stepNorm=4.67e-04
LBFGS 1500 | loss=1.544e-05 | gradNorm=1.739e-04 | alpha=1.00e-01 | stepNorm=2.08e-04
LBFGS 1600 | loss=1.534e-05 | gradNorm=1.451e-04 | alpha=1.00e-01 | stepNorm=1.49e-04
LBFGS 1700 | loss=1.499e-05 | gradNorm=7.431e-05 | alpha=1.00e-01 | stepNorm=3.31e-04
LBFGS 1800 | loss=1.460e-05 | gradNorm=5.057e-04 | alpha=1.00e-01 | stepNorm=9.61e-04
LBFGS 1900 | loss=1.366e-05 | gradNorm=4.561e-04 | alpha=1.00e-01 | stepNorm=8.35e-04
LBFGS 2000 | loss=1.322e-05 | gradNorm=1.049e-04 | alpha=1.00e-01 | stepNorm=1.28e-03
LBFGS 2100 | loss=1.293e-05 | gradNorm=3.235e-04 | alpha=1.00e-01 | stepNorm=3.17e-03
LBFGS 2200 | loss=1.181e-05 | gradNorm=1.424e-04 | alpha=1.00e-01 | stepNorm=4.24e-04
LBFGS 2300 | loss=1.157e-05 | gradNorm=2.394e-04 | alpha=1.00e-01 | stepNorm=1.01e-03
LBFGS 2400 | loss=1.127e-05 | gradNorm=5.520e-05 | alpha=1.00e-01 | stepNorm=4.25e-04
LBFGS 2500 | loss=1.113e-05 | gradNorm=3.744e-05 | alpha=1.00e-01 | stepNorm=4.63e-04
LBFGS 2600 | loss=1.095e-05 | gradNorm=1.819e-04 | alpha=1.00e-01 | stepNorm=7.15e-04
LBFGS 2700 | loss=1.084e-05 | gradNorm=6.904e-05 | alpha=1.00e-01 | stepNorm=8.93e-04
LBFGS 2800 | loss=1.074e-05 | gradNorm=2.771e-04 | alpha=1.00e-01 | stepNorm=5.54e-05
LBFGS 2900 | loss=1.067e-05 | gradNorm=2.950e-04 | alpha=1.00e-01 | stepNorm=1.97e-04
LBFGS 3000 | loss=1.056e-05 | gradNorm=7.317e-05 | alpha=1.00e-01 | stepNorm=1.09e-04
LBFGS done | iters=3000 | reason=maxIters | ls_failures=0
  [D_calderon (SE-BINN, W̃)] LBFGS: loss=1.056e-05 | d_err=0.5589 | iL2=8.708e-03 | γ=[+1.163,-0.377,+1.187,-1.020,+1.035,-1.038]

  D_calderon (SE-BINN, W̃) final:
    Density rel-diff : 0.5589
    Interior L2      : 9.288e-03
    γ error          : 0.4125
    LBFGS reason     : maxIters
    Wall time        : 78.4s

================================================================================
  RESULTS — Calderón phase 1
================================================================================
  cond(V)    = 1.337e+04
  cond(W̃V)  = 2.230e+04  (does NOT improve conditioning)

  Metric                   |             B (SE-BINN, std) |       D_exact (SE-BINN, V⁻¹) |     D_calderon (SE-BINN, W̃)
  ---------------------------------------------------------------------------------------------------------------------
  Density rel-diff         |                    5.512e-01 |                    1.561e-01 |                    5.589e-01
  Interior L2              |                    8.743e-03 |                    1.764e-02 |                    9.288e-03
  γ error                  |                    3.054e-01 |                    1.070e-01 |                    4.125e-01
  ---------------------------------------------------------------------------------------------------------------------
  Wall time                |                        72.1s |                        77.4s |                        78.4s
  ---------------------------------------------------------------------------------------------------------------------

  B (std)      : d_err = 0.5512
  D_exact (V⁻¹): d_err = 0.1561  (3.5× better than B)
  D_calderon   : d_err = 0.5589  (0.99× better than B)

  FINDING: Calderón preconditioner (Maue W̃) does NOT improve training.
  Root cause: cond(W̃V) ≈ cond(V). Incompatible Galerkin/Nystrom discretizations
  + K^2 non-compact at Koch corners make -WV ≠ I/4.

  Recommendation: use V_h^{-1} (exact preconditioner) if affordable,
  or seek a sparse approximation to V_h^{-1} (e.g., H-matrix compression).

--- Figures ---
  saved calderon_eigenvalues → /Users/ismaillabaali/SEBINN/experiments/ex1_Koch/figures/calderon_eigenvalues.png
  saved calderon_validation → /Users/ismaillabaali/SEBINN/experiments/ex1_Koch/figures/calderon_validation.png
  saved calderon_vs_exact → /Users/ismaillabaali/SEBINN/experiments/ex1_Koch/figures/calderon_vs_exact.png

  Total wall time: 268.4s
  Done.
