========================================================================
  Koch(1) — Preconditioner phase 0 diagnostic
========================================================================

--- Setup ---
  Koch(1): 12 vertices | 144 panels
  ω = 1.3333π | α = -0.2500
  d_min = 0.259808  |  cutoff R = 0.129904
  Nq = 2304 | arc = 3.1177
  n_sing = 6 | sigma_s_Yq shape = (2304, 6)

--- Nyström matrix + V_inv ---
  Computing V_inv = la.inv(nmat.V)  (2304×2304) ...
  V_inv computed in 0.44s
  cond(V) = 1.337e+04
  ‖V_inv · V − I‖_F / ‖I‖_F = 1.768e-14

--- Manufactured density ---
  GMRES (smooth): flag=0 | rel_res=9.903e-13
  γ_true = [np.float64(1.0), np.float64(-0.5), np.float64(1.0), np.float64(-0.5), np.float64(1.0), np.float64(-0.5)]
  ‖σ_smooth‖ = 71.2352
  ‖σ_sing‖   = 46.8550
  ‖σ_mfg‖    = 85.2634
  Enrichment energy = 30.20%

  GMRES (manufactured): flag=0 | rel_res=9.637e-13
  ‖σ_BEM − σ_mfg‖/‖σ_mfg‖ = 1.118e-09  (≈ machine ε)
  γ*_lstsq = [np.float64(1.10135), np.float64(-0.7027), np.float64(1.10135), np.float64(-0.39865), np.float64(0.7973), np.float64(-0.39865)]
  Enrichment energy (lstsq) = 31.19%

--- Operator setup (eq_scale_mode='none') ---
  Nb=2304 | Nq=2304 | eq_scale=1.00e+00
  mean|A| = 2.207e-04
  op.f overridden with g_mfg (unscaled)
  op.V_inv attached (2304×2304)
  Sanity: ‖V_inv(V·σ_BEM − g)‖/‖σ_BEM‖ = 1.118e-09  (should ≈ 0)

  n_params=19767 | n_gamma=6
  Shared initial state saved.

====================================================================
  Case A (BINN, std) | L_std [γ frozen=0]
====================================================================
  γ frozen at 0
  trainable params: 19761 | n_gamma=6 | loss=standard_loss
phase 1/1 | iters=1000 | lr=1.0e-03 | Nb=2304
  Adam    1 | loss=2.069e-02 | mse_unsc=2.069e-02 | gamma=[0.0000, 0.0000, 0.0000, 0.0000, 0.0000, 0.0000] | phase=1
  Adam  200 | loss=3.835e-03 | mse_unsc=3.835e-03 | gamma=[0.0000, 0.0000, 0.0000, 0.0000, 0.0000, 0.0000] | phase=1
  Adam  400 | loss=8.902e-04 | mse_unsc=8.902e-04 | gamma=[0.0000, 0.0000, 0.0000, 0.0000, 0.0000, 0.0000] | phase=1
  Adam  600 | loss=9.321e-04 | mse_unsc=9.321e-04 | gamma=[0.0000, 0.0000, 0.0000, 0.0000, 0.0000, 0.0000] | phase=1
  Adam  800 | loss=8.507e-04 | mse_unsc=8.507e-04 | gamma=[0.0000, 0.0000, 0.0000, 0.0000, 0.0000, 0.0000] | phase=1
  Adam 1000 | loss=8.301e-04 | mse_unsc=8.301e-04 | gamma=[0.0000, 0.0000, 0.0000, 0.0000, 0.0000, 0.0000] | phase=1
Adam done | total_iters=1000 | final_loss=8.301e-04
  [A (BINN, std)] Adam-ph1: loss=8.301e-04 | d_err=0.7795 | iL2=1.426e-01 | γ=[+0.0000,+0.0000,+0.0000,+0.0000,+0.0000,+0.0000]
phase 1/1 | iters=1000 | lr=3.0e-04 | Nb=2304
  Adam    1 | loss=8.300e-04 | mse_unsc=8.300e-04 | gamma=[0.0000, 0.0000, 0.0000, 0.0000, 0.0000, 0.0000] | phase=1
  Adam  200 | loss=8.154e-04 | mse_unsc=8.154e-04 | gamma=[0.0000, 0.0000, 0.0000, 0.0000, 0.0000, 0.0000] | phase=1
  Adam  400 | loss=7.875e-04 | mse_unsc=7.875e-04 | gamma=[0.0000, 0.0000, 0.0000, 0.0000, 0.0000, 0.0000] | phase=1
  Adam  600 | loss=7.345e-04 | mse_unsc=7.345e-04 | gamma=[0.0000, 0.0000, 0.0000, 0.0000, 0.0000, 0.0000] | phase=1
  Adam  800 | loss=6.703e-04 | mse_unsc=6.703e-04 | gamma=[0.0000, 0.0000, 0.0000, 0.0000, 0.0000, 0.0000] | phase=1
  Adam 1000 | loss=5.990e-04 | mse_unsc=5.990e-04 | gamma=[0.0000, 0.0000, 0.0000, 0.0000, 0.0000, 0.0000] | phase=1
Adam done | total_iters=1000 | final_loss=5.990e-04
  [A (BINN, std)] Adam-ph2: loss=5.990e-04 | d_err=0.7454 | iL2=1.228e-01 | γ=[+0.0000,+0.0000,+0.0000,+0.0000,+0.0000,+0.0000]
phase 1/1 | iters=1000 | lr=1.0e-04 | Nb=2304
  Adam    1 | loss=5.986e-04 | mse_unsc=5.986e-04 | gamma=[0.0000, 0.0000, 0.0000, 0.0000, 0.0000, 0.0000] | phase=1
  Adam  200 | loss=5.722e-04 | mse_unsc=5.722e-04 | gamma=[0.0000, 0.0000, 0.0000, 0.0000, 0.0000, 0.0000] | phase=1
  Adam  400 | loss=5.213e-04 | mse_unsc=5.213e-04 | gamma=[0.0000, 0.0000, 0.0000, 0.0000, 0.0000, 0.0000] | phase=1
  Adam  600 | loss=5.320e-04 | mse_unsc=5.320e-04 | gamma=[0.0000, 0.0000, 0.0000, 0.0000, 0.0000, 0.0000] | phase=1
  Adam  800 | loss=3.478e-04 | mse_unsc=3.478e-04 | gamma=[0.0000, 0.0000, 0.0000, 0.0000, 0.0000, 0.0000] | phase=1
  Adam 1000 | loss=2.681e-04 | mse_unsc=2.681e-04 | gamma=[0.0000, 0.0000, 0.0000, 0.0000, 0.0000, 0.0000] | phase=1
Adam done | total_iters=1000 | final_loss=2.681e-04
  [A (BINN, std)] Adam-ph3: loss=2.681e-04 | d_err=0.7077 | iL2=7.656e-02 | γ=[+0.0000,+0.0000,+0.0000,+0.0000,+0.0000,+0.0000]

  [A (BINN, std)] L-BFGS: max=15000 | mem=30 | grad_tol=1e-10
LBFGS    1 | loss=2.678e-04 | gradNorm=1.157e-03 | alpha=5.00e-02 | stepNorm=6.39e-05
LBFGS  200 | loss=1.473e-04 | gradNorm=4.810e-04 | alpha=1.00e-01 | stepNorm=3.30e-03
LBFGS  400 | loss=1.092e-04 | gradNorm=6.733e-04 | alpha=1.00e-01 | stepNorm=1.02e-02
LBFGS  600 | loss=7.595e-05 | gradNorm=9.433e-04 | alpha=1.00e-01 | stepNorm=7.00e-03
LBFGS  800 | loss=4.653e-05 | gradNorm=5.976e-04 | alpha=1.00e-01 | stepNorm=1.59e-02
LBFGS 1000 | loss=3.864e-05 | gradNorm=3.043e-04 | alpha=1.00e-01 | stepNorm=1.90e-03
LBFGS 1200 | loss=3.014e-05 | gradNorm=2.503e-04 | alpha=1.00e-01 | stepNorm=4.75e-03
LBFGS 1400 | loss=2.568e-05 | gradNorm=6.017e-04 | alpha=1.00e-01 | stepNorm=4.66e-03
LBFGS 1600 | loss=2.152e-05 | gradNorm=1.921e-04 | alpha=1.00e-01 | stepNorm=2.72e-03
LBFGS 1800 | loss=1.798e-05 | gradNorm=5.391e-04 | alpha=1.00e-01 | stepNorm=5.68e-03
LBFGS 2000 | loss=1.449e-05 | gradNorm=3.704e-04 | alpha=1.00e-01 | stepNorm=5.15e-03
LBFGS 2200 | loss=1.149e-05 | gradNorm=7.448e-04 | alpha=1.00e-01 | stepNorm=2.57e-03
LBFGS 2400 | loss=9.753e-06 | gradNorm=1.701e-04 | alpha=1.00e-01 | stepNorm=9.36e-04
LBFGS 2600 | loss=8.136e-06 | gradNorm=1.287e-04 | alpha=1.00e-01 | stepNorm=4.89e-04
LBFGS 2800 | loss=7.508e-06 | gradNorm=1.536e-04 | alpha=1.00e-01 | stepNorm=3.60e-04
LBFGS 3000 | loss=6.927e-06 | gradNorm=1.721e-04 | alpha=1.00e-01 | stepNorm=8.78e-04
LBFGS 3200 | loss=6.167e-06 | gradNorm=1.087e-04 | alpha=1.00e-01 | stepNorm=1.26e-04
LBFGS 3400 | loss=5.914e-06 | gradNorm=2.190e-04 | alpha=1.00e-01 | stepNorm=8.65e-05
LBFGS 3600 | loss=5.843e-06 | gradNorm=5.156e-05 | alpha=1.00e-01 | stepNorm=2.44e-04
LBFGS 3800 | loss=5.691e-06 | gradNorm=8.802e-05 | alpha=1.00e-01 | stepNorm=2.54e-04
LBFGS 4000 | loss=5.544e-06 | gradNorm=3.330e-05 | alpha=1.00e-01 | stepNorm=3.37e-04
LBFGS 4200 | loss=5.356e-06 | gradNorm=2.624e-05 | alpha=1.00e-01 | stepNorm=3.03e-04
LBFGS 4400 | loss=5.237e-06 | gradNorm=1.328e-04 | alpha=1.00e-01 | stepNorm=4.50e-04
LBFGS 4600 | loss=5.123e-06 | gradNorm=2.327e-05 | alpha=1.00e-01 | stepNorm=1.39e-04
LBFGS 4800 | loss=5.029e-06 | gradNorm=1.153e-04 | alpha=1.00e-01 | stepNorm=2.16e-04
LBFGS 5000 | loss=4.858e-06 | gradNorm=8.166e-05 | alpha=1.00e-01 | stepNorm=1.76e-03
LBFGS 5200 | loss=4.702e-06 | gradNorm=1.855e-04 | alpha=1.00e-01 | stepNorm=1.05e-03
LBFGS 5400 | loss=4.548e-06 | gradNorm=2.787e-05 | alpha=1.00e-01 | stepNorm=1.47e-04
LBFGS 5600 | loss=4.423e-06 | gradNorm=8.398e-05 | alpha=1.00e-01 | stepNorm=3.63e-04
LBFGS 5800 | loss=4.319e-06 | gradNorm=3.374e-05 | alpha=1.00e-01 | stepNorm=1.09e-03
LBFGS 6000 | loss=4.275e-06 | gradNorm=6.165e-05 | alpha=1.00e-01 | stepNorm=7.81e-05
LBFGS 6200 | loss=4.215e-06 | gradNorm=4.817e-05 | alpha=1.00e-01 | stepNorm=7.86e-04
LBFGS 6400 | loss=4.175e-06 | gradNorm=4.265e-05 | alpha=1.00e-01 | stepNorm=3.28e-04
LBFGS 6600 | loss=4.107e-06 | gradNorm=3.784e-05 | alpha=1.00e-01 | stepNorm=1.26e-03
LBFGS 6800 | loss=4.032e-06 | gradNorm=5.724e-05 | alpha=1.00e-01 | stepNorm=1.61e-04
LBFGS 7000 | loss=3.957e-06 | gradNorm=3.595e-05 | alpha=1.00e-01 | stepNorm=6.22e-04
LBFGS 7200 | loss=3.871e-06 | gradNorm=9.318e-05 | alpha=1.00e-01 | stepNorm=1.48e-03
LBFGS 7400 | loss=3.820e-06 | gradNorm=2.814e-05 | alpha=1.00e-01 | stepNorm=4.55e-04
LBFGS 7600 | loss=3.777e-06 | gradNorm=2.189e-05 | alpha=1.00e-01 | stepNorm=5.30e-04
LBFGS 7800 | loss=3.739e-06 | gradNorm=6.731e-05 | alpha=1.00e-01 | stepNorm=1.39e-03
LBFGS 8000 | loss=3.682e-06 | gradNorm=4.560e-05 | alpha=1.00e-01 | stepNorm=4.73e-04
LBFGS 8200 | loss=3.636e-06 | gradNorm=2.870e-05 | alpha=1.00e-01 | stepNorm=1.39e-04
LBFGS 8400 | loss=3.605e-06 | gradNorm=1.012e-04 | alpha=1.00e-01 | stepNorm=7.23e-04
LBFGS 8600 | loss=3.569e-06 | gradNorm=7.809e-05 | alpha=1.00e-01 | stepNorm=5.10e-04
LBFGS 8800 | loss=3.530e-06 | gradNorm=7.277e-05 | alpha=1.00e-01 | stepNorm=1.72e-04
LBFGS 9000 | loss=3.499e-06 | gradNorm=1.538e-05 | alpha=1.00e-01 | stepNorm=6.53e-05
LBFGS 9200 | loss=3.463e-06 | gradNorm=4.275e-05 | alpha=1.00e-01 | stepNorm=5.00e-04
LBFGS 9400 | loss=3.431e-06 | gradNorm=1.681e-05 | alpha=1.00e-01 | stepNorm=2.38e-04
LBFGS 9600 | loss=3.390e-06 | gradNorm=1.943e-05 | alpha=1.00e-01 | stepNorm=8.21e-05
LBFGS 9800 | loss=3.351e-06 | gradNorm=3.980e-05 | alpha=1.00e-01 | stepNorm=3.15e-04
LBFGS 10000 | loss=3.316e-06 | gradNorm=3.663e-05 | alpha=1.00e-01 | stepNorm=2.91e-04
LBFGS 10200 | loss=3.287e-06 | gradNorm=4.481e-05 | alpha=1.00e-01 | stepNorm=7.61e-05
LBFGS 10400 | loss=3.267e-06 | gradNorm=1.168e-05 | alpha=1.00e-01 | stepNorm=6.13e-05
LBFGS 10600 | loss=3.233e-06 | gradNorm=2.524e-05 | alpha=1.00e-01 | stepNorm=3.70e-04
LBFGS 10800 | loss=3.202e-06 | gradNorm=1.572e-05 | alpha=1.00e-01 | stepNorm=3.52e-04
LBFGS 11000 | loss=3.167e-06 | gradNorm=4.273e-05 | alpha=1.00e-01 | stepNorm=9.09e-04
LBFGS 11200 | loss=3.125e-06 | gradNorm=1.267e-04 | alpha=1.00e-01 | stepNorm=1.08e-03
LBFGS 11400 | loss=3.072e-06 | gradNorm=1.559e-05 | alpha=1.00e-01 | stepNorm=5.40e-04
LBFGS 11600 | loss=3.039e-06 | gradNorm=6.454e-05 | alpha=1.00e-01 | stepNorm=7.73e-04
LBFGS 11800 | loss=2.985e-06 | gradNorm=3.651e-05 | alpha=1.00e-01 | stepNorm=6.40e-04
LBFGS 12000 | loss=2.959e-06 | gradNorm=1.541e-04 | alpha=1.00e-01 | stepNorm=7.39e-04
LBFGS 12200 | loss=2.911e-06 | gradNorm=1.471e-05 | alpha=1.00e-01 | stepNorm=3.27e-04
LBFGS 12400 | loss=2.885e-06 | gradNorm=3.071e-05 | alpha=1.00e-01 | stepNorm=3.29e-04
LBFGS 12600 | loss=2.868e-06 | gradNorm=3.532e-05 | alpha=1.00e-01 | stepNorm=3.98e-04
LBFGS 12800 | loss=2.848e-06 | gradNorm=1.832e-05 | alpha=1.00e-01 | stepNorm=7.43e-04
LBFGS 13000 | loss=2.822e-06 | gradNorm=2.478e-05 | alpha=1.00e-01 | stepNorm=6.69e-05
LBFGS 13200 | loss=2.808e-06 | gradNorm=8.885e-06 | alpha=1.00e-01 | stepNorm=1.13e-04
LBFGS 13400 | loss=2.806e-06 | gradNorm=2.333e-05 | alpha=1.00e-01 | stepNorm=2.36e-07
LBFGS 13600 | loss=2.806e-06 | gradNorm=1.978e-05 | alpha=1.00e-01 | stepNorm=3.87e-07
LBFGS 13800 | loss=2.806e-06 | gradNorm=1.810e-05 | alpha=1.00e-01 | stepNorm=5.10e-07
LBFGS 14000 | loss=2.806e-06 | gradNorm=1.691e-05 | alpha=1.00e-01 | stepNorm=5.60e-07
LBFGS 14200 | loss=2.806e-06 | gradNorm=1.599e-05 | alpha=1.00e-01 | stepNorm=5.66e-07
LBFGS 14400 | loss=2.806e-06 | gradNorm=1.525e-05 | alpha=1.00e-01 | stepNorm=5.52e-07
LBFGS 14600 | loss=2.806e-06 | gradNorm=1.464e-05 | alpha=1.00e-01 | stepNorm=5.29e-07
LBFGS 14800 | loss=2.806e-06 | gradNorm=1.412e-05 | alpha=1.00e-01 | stepNorm=5.04e-07
LBFGS 15000 | loss=2.806e-06 | gradNorm=1.367e-05 | alpha=1.00e-01 | stepNorm=4.80e-07
LBFGS done | iters=15000 | reason=maxIters | ls_failures=0
  [A (BINN, std)] LBFGS: loss=2.806e-06 | d_err=0.4988 | iL2=3.517e-03 | γ=[+0.0000,+0.0000,+0.0000,+0.0000,+0.0000,+0.0000]

  A (BINN, std) final:
    Interior rel L2  : 3.427e-03
    Interior L∞      : 8.376e-03
    Density rel-diff : 0.4988
    γ final          : [+0.00000,+0.00000,+0.00000,+0.00000,+0.00000,+0.00000]
    γ_true           : [np.float64(1.0), np.float64(-0.5), np.float64(1.0), np.float64(-0.5), np.float64(1.0), np.float64(-0.5)]
    ‖γ−γ_true‖/‖γ_true‖ : 1.0000
    LBFGS reason     : maxIters
    Wall time        : 525.2s

====================================================================
  Case B (SE-BINN, std) | L_std [γ trainable]
====================================================================
  trainable params: 19767 | n_gamma=6 | loss=standard_loss
phase 1/1 | iters=1000 | lr=1.0e-03 | Nb=2304
  Adam    1 | loss=2.069e-02 | mse_unsc=2.069e-02 | gamma=[0.0000, 0.0000, 0.0000, 0.0000, 0.0000, 0.0000] | phase=1
  Adam  200 | loss=4.183e-03 | mse_unsc=4.183e-03 | gamma=[0.1233, -0.1459, 0.1225, 0.0356, -0.0861, 0.0351] | phase=1
  Adam  400 | loss=8.128e-04 | mse_unsc=8.128e-04 | gamma=[0.1486, -0.1905, 0.1491, -0.0162, 0.0035, -0.0124] | phase=1
  Adam  600 | loss=7.012e-04 | mse_unsc=7.012e-04 | gamma=[0.1561, -0.2263, 0.1571, -0.0489, 0.1129, -0.0462] | phase=1
  Adam  800 | loss=5.548e-04 | mse_unsc=5.548e-04 | gamma=[0.1670, -0.2659, 0.1687, -0.0741, 0.2209, -0.0731] | phase=1
  Adam 1000 | loss=4.689e-04 | mse_unsc=4.689e-04 | gamma=[0.1802, -0.3071, 0.1826, -0.0954, 0.3226, -0.0959] | phase=1
Adam done | total_iters=1000 | final_loss=4.689e-04
  [B (SE-BINN, std)] Adam-ph1: loss=4.689e-04 | d_err=0.7164 | iL2=1.031e-01 | γ=[+0.1802,-0.3074,+0.1827,-0.0955,+0.3231,-0.0961]
phase 1/1 | iters=1000 | lr=3.0e-04 | Nb=2304
  Adam    1 | loss=4.685e-04 | mse_unsc=4.685e-04 | gamma=[0.1802, -0.3074, 0.1827, -0.0955, 0.3231, -0.0961] | phase=1
  Adam  200 | loss=4.344e-04 | mse_unsc=4.344e-04 | gamma=[0.1870, -0.3304, 0.1898, -0.1043, 0.3620, -0.1056] | phase=1
  Adam  400 | loss=3.908e-04 | mse_unsc=3.908e-04 | gamma=[0.1981, -0.3652, 0.2012, -0.1178, 0.4112, -0.1206] | phase=1
  Adam  600 | loss=3.455e-04 | mse_unsc=3.455e-04 | gamma=[0.2120, -0.4034, 0.2153, -0.1332, 0.4608, -0.1380] | phase=1
  Adam  800 | loss=3.064e-04 | mse_unsc=3.064e-04 | gamma=[0.2246, -0.4376, 0.2280, -0.1463, 0.5071, -0.1534] | phase=1
  Adam 1000 | loss=2.717e-04 | mse_unsc=2.717e-04 | gamma=[0.2345, -0.4682, 0.2383, -0.1570, 0.5504, -0.1663] | phase=1
Adam done | total_iters=1000 | final_loss=2.717e-04
  [B (SE-BINN, std)] Adam-ph2: loss=2.717e-04 | d_err=0.6780 | iL2=7.443e-02 | γ=[+0.2346,-0.4683,+0.2384,-0.1571,+0.5506,-0.1664]
phase 1/1 | iters=1000 | lr=1.0e-04 | Nb=2304
  Adam    1 | loss=2.715e-04 | mse_unsc=2.715e-04 | gamma=[0.2346, -0.4683, 0.2384, -0.1571, 0.5506, -0.1664] | phase=1
  Adam  200 | loss=2.588e-04 | mse_unsc=2.588e-04 | gamma=[0.2378, -0.4793, 0.2418, -0.1607, 0.5664, -0.1709] | phase=1
  Adam  400 | loss=2.418e-04 | mse_unsc=2.418e-04 | gamma=[0.2432, -0.4943, 0.2474, -0.1667, 0.5845, -0.1783] | phase=1
  Adam  600 | loss=2.222e-04 | mse_unsc=2.222e-04 | gamma=[0.2493, -0.5102, 0.2542, -0.1742, 0.6025, -0.1875] | phase=1
  Adam  800 | loss=2.041e-04 | mse_unsc=2.041e-04 | gamma=[0.2541, -0.5247, 0.2599, -0.1810, 0.6195, -0.1958] | phase=1
  Adam 1000 | loss=1.859e-04 | mse_unsc=1.859e-04 | gamma=[0.2585, -0.5388, 0.2655, -0.1879, 0.6360, -0.2041] | phase=1
Adam done | total_iters=1000 | final_loss=1.859e-04
  [B (SE-BINN, std)] Adam-ph3: loss=1.859e-04 | d_err=0.6588 | iL2=5.888e-02 | γ=[+0.2585,-0.5389,+0.2655,-0.1880,+0.6361,-0.2042]

  [B (SE-BINN, std)] L-BFGS: max=15000 | mem=30 | grad_tol=1e-10
LBFGS    1 | loss=1.858e-04 | gradNorm=2.909e-04 | alpha=1.00e-01 | stepNorm=2.91e-05
LBFGS  200 | loss=7.170e-05 | gradNorm=8.128e-04 | alpha=1.00e-01 | stepNorm=4.11e-03
LBFGS  400 | loss=3.583e-05 | gradNorm=3.557e-04 | alpha=1.00e-01 | stepNorm=5.95e-03
LBFGS  600 | loss=2.779e-05 | gradNorm=3.970e-04 | alpha=1.00e-01 | stepNorm=4.96e-04
LBFGS  800 | loss=2.035e-05 | gradNorm=7.155e-04 | alpha=1.00e-01 | stepNorm=5.14e-03
LBFGS 1000 | loss=1.619e-05 | gradNorm=2.601e-04 | alpha=1.00e-01 | stepNorm=8.54e-04
LBFGS 1200 | loss=1.400e-05 | gradNorm=3.477e-04 | alpha=1.00e-01 | stepNorm=8.59e-04
LBFGS 1400 | loss=1.248e-05 | gradNorm=4.660e-04 | alpha=1.00e-01 | stepNorm=1.37e-03
LBFGS 1600 | loss=1.123e-05 | gradNorm=1.310e-04 | alpha=1.00e-01 | stepNorm=7.07e-04
LBFGS 1800 | loss=1.062e-05 | gradNorm=5.265e-05 | alpha=1.00e-01 | stepNorm=1.38e-03
LBFGS 2000 | loss=9.897e-06 | gradNorm=7.605e-05 | alpha=1.00e-01 | stepNorm=8.27e-04
LBFGS 2200 | loss=9.339e-06 | gradNorm=7.984e-05 | alpha=1.00e-01 | stepNorm=1.72e-03
LBFGS 2400 | loss=9.038e-06 | gradNorm=3.340e-04 | alpha=1.00e-01 | stepNorm=1.31e-03
LBFGS 2600 | loss=8.558e-06 | gradNorm=9.178e-05 | alpha=1.00e-01 | stepNorm=5.34e-04
LBFGS 2800 | loss=7.935e-06 | gradNorm=3.929e-04 | alpha=1.00e-01 | stepNorm=2.81e-04
LBFGS 3000 | loss=7.547e-06 | gradNorm=3.301e-05 | alpha=1.00e-01 | stepNorm=1.29e-03
LBFGS 3200 | loss=6.781e-06 | gradNorm=2.917e-04 | alpha=1.00e-01 | stepNorm=3.09e-04
LBFGS 3400 | loss=6.471e-06 | gradNorm=1.385e-04 | alpha=1.00e-01 | stepNorm=2.21e-03
LBFGS 3600 | loss=6.008e-06 | gradNorm=1.261e-04 | alpha=1.00e-01 | stepNorm=2.24e-03
LBFGS 3800 | loss=5.435e-06 | gradNorm=4.444e-04 | alpha=2.50e-02 | stepNorm=1.10e-03
LBFGS 4000 | loss=5.016e-06 | gradNorm=2.836e-04 | alpha=1.00e-01 | stepNorm=2.00e-03
LBFGS 4200 | loss=4.736e-06 | gradNorm=3.824e-05 | alpha=1.00e-01 | stepNorm=1.34e-04
LBFGS 4400 | loss=4.560e-06 | gradNorm=8.539e-05 | alpha=1.00e-01 | stepNorm=9.99e-05
LBFGS 4600 | loss=4.400e-06 | gradNorm=6.263e-05 | alpha=1.00e-01 | stepNorm=5.33e-04
LBFGS 4800 | loss=4.167e-06 | gradNorm=4.767e-05 | alpha=1.00e-01 | stepNorm=8.13e-04
LBFGS 5000 | loss=4.004e-06 | gradNorm=3.227e-04 | alpha=1.00e-01 | stepNorm=9.38e-04
LBFGS 5200 | loss=3.764e-06 | gradNorm=2.816e-04 | alpha=1.00e-01 | stepNorm=3.87e-04
LBFGS 5400 | loss=3.654e-06 | gradNorm=2.587e-04 | alpha=1.00e-01 | stepNorm=2.99e-04
LBFGS 5600 | loss=3.383e-06 | gradNorm=1.767e-04 | alpha=1.00e-01 | stepNorm=1.03e-03
LBFGS 5800 | loss=3.247e-06 | gradNorm=8.231e-05 | alpha=1.00e-01 | stepNorm=1.17e-03
LBFGS 6000 | loss=2.978e-06 | gradNorm=1.233e-04 | alpha=1.00e-01 | stepNorm=4.69e-03
LBFGS 6200 | loss=2.739e-06 | gradNorm=4.521e-05 | alpha=1.00e-01 | stepNorm=7.92e-04
LBFGS 6400 | loss=2.576e-06 | gradNorm=2.671e-04 | alpha=1.00e-01 | stepNorm=2.27e-04
LBFGS 6600 | loss=2.484e-06 | gradNorm=1.734e-04 | alpha=1.00e-01 | stepNorm=1.64e-04
LBFGS 6800 | loss=2.409e-06 | gradNorm=9.456e-05 | alpha=1.00e-01 | stepNorm=1.79e-04
LBFGS 7000 | loss=2.296e-06 | gradNorm=1.728e-04 | alpha=1.00e-01 | stepNorm=8.34e-04
LBFGS 7200 | loss=2.089e-06 | gradNorm=7.082e-05 | alpha=1.00e-01 | stepNorm=8.57e-04
LBFGS 7400 | loss=2.039e-06 | gradNorm=2.704e-04 | alpha=1.00e-01 | stepNorm=2.99e-04
LBFGS 7600 | loss=1.982e-06 | gradNorm=5.690e-05 | alpha=1.00e-01 | stepNorm=7.00e-04
LBFGS 7800 | loss=1.906e-06 | gradNorm=4.210e-05 | alpha=1.00e-01 | stepNorm=1.97e-04
LBFGS 8000 | loss=1.761e-06 | gradNorm=8.711e-05 | alpha=1.00e-01 | stepNorm=1.07e-03
LBFGS 8200 | loss=1.704e-06 | gradNorm=5.454e-05 | alpha=1.00e-01 | stepNorm=2.33e-04
LBFGS 8400 | loss=1.666e-06 | gradNorm=9.400e-05 | alpha=1.00e-01 | stepNorm=1.97e-04
LBFGS 8600 | loss=1.640e-06 | gradNorm=4.821e-05 | alpha=1.00e-01 | stepNorm=1.18e-03
LBFGS 8800 | loss=1.602e-06 | gradNorm=2.729e-05 | alpha=1.00e-01 | stepNorm=3.32e-05
LBFGS 9000 | loss=1.556e-06 | gradNorm=6.417e-05 | alpha=1.00e-01 | stepNorm=9.14e-04
LBFGS 9200 | loss=1.487e-06 | gradNorm=2.265e-04 | alpha=1.00e-01 | stepNorm=1.16e-03
LBFGS 9400 | loss=1.394e-06 | gradNorm=3.204e-05 | alpha=1.00e-01 | stepNorm=1.93e-04
LBFGS 9600 | loss=1.323e-06 | gradNorm=8.014e-05 | alpha=1.00e-01 | stepNorm=2.95e-04
LBFGS 9800 | loss=1.302e-06 | gradNorm=1.652e-05 | alpha=1.00e-01 | stepNorm=2.07e-04
LBFGS 10000 | loss=1.279e-06 | gradNorm=1.059e-04 | alpha=1.00e-01 | stepNorm=9.17e-04
LBFGS 10200 | loss=1.253e-06 | gradNorm=5.154e-05 | alpha=1.00e-01 | stepNorm=7.28e-04
LBFGS 10400 | loss=1.229e-06 | gradNorm=2.039e-05 | alpha=1.00e-01 | stepNorm=1.83e-04
LBFGS 10600 | loss=1.198e-06 | gradNorm=3.929e-05 | alpha=1.00e-01 | stepNorm=2.39e-04
LBFGS 10800 | loss=1.176e-06 | gradNorm=7.926e-05 | alpha=1.00e-01 | stepNorm=6.66e-04
LBFGS 11000 | loss=1.171e-06 | gradNorm=1.273e-05 | alpha=1.00e-01 | stepNorm=1.35e-06
LBFGS 11200 | loss=1.171e-06 | gradNorm=1.366e-05 | alpha=1.00e-01 | stepNorm=1.26e-06
LBFGS 11400 | loss=1.171e-06 | gradNorm=1.357e-05 | alpha=1.00e-01 | stepNorm=9.95e-07
LBFGS 11600 | loss=1.171e-06 | gradNorm=1.343e-05 | alpha=1.00e-01 | stepNorm=7.75e-07
LBFGS 11800 | loss=1.171e-06 | gradNorm=1.330e-05 | alpha=1.00e-01 | stepNorm=6.22e-07
LBFGS 12000 | loss=1.171e-06 | gradNorm=1.318e-05 | alpha=1.00e-01 | stepNorm=5.19e-07
LBFGS 12200 | loss=1.171e-06 | gradNorm=1.307e-05 | alpha=1.00e-01 | stepNorm=4.48e-07
LBFGS 12400 | loss=1.171e-06 | gradNorm=1.297e-05 | alpha=1.00e-01 | stepNorm=4.01e-07
LBFGS 12600 | loss=1.171e-06 | gradNorm=1.288e-05 | alpha=1.00e-01 | stepNorm=3.68e-07
LBFGS 12800 | loss=1.171e-06 | gradNorm=1.279e-05 | alpha=1.00e-01 | stepNorm=3.46e-07
LBFGS 13000 | loss=1.171e-06 | gradNorm=1.271e-05 | alpha=1.00e-01 | stepNorm=3.30e-07
LBFGS 13200 | loss=1.171e-06 | gradNorm=1.264e-05 | alpha=1.00e-01 | stepNorm=3.19e-07
LBFGS 13400 | loss=1.171e-06 | gradNorm=1.257e-05 | alpha=1.00e-01 | stepNorm=3.11e-07
LBFGS 13600 | loss=1.171e-06 | gradNorm=1.250e-05 | alpha=1.00e-01 | stepNorm=3.06e-07
LBFGS 13800 | loss=1.171e-06 | gradNorm=1.244e-05 | alpha=1.00e-01 | stepNorm=3.01e-07
LBFGS 14000 | loss=1.171e-06 | gradNorm=1.238e-05 | alpha=1.00e-01 | stepNorm=2.98e-07
LBFGS 14200 | loss=1.171e-06 | gradNorm=1.232e-05 | alpha=1.00e-01 | stepNorm=2.96e-07
LBFGS 14400 | loss=1.170e-06 | gradNorm=1.226e-05 | alpha=1.00e-01 | stepNorm=2.93e-07
LBFGS 14600 | loss=1.170e-06 | gradNorm=1.221e-05 | alpha=1.00e-01 | stepNorm=2.92e-07
LBFGS 14800 | loss=1.170e-06 | gradNorm=1.216e-05 | alpha=1.00e-01 | stepNorm=2.90e-07
LBFGS 15000 | loss=1.170e-06 | gradNorm=1.210e-05 | alpha=1.00e-01 | stepNorm=2.89e-07
LBFGS done | iters=15000 | reason=maxIters | ls_failures=0
  [B (SE-BINN, std)] LBFGS: loss=1.170e-06 | d_err=0.4670 | iL2=2.027e-03 | γ=[+1.0877,-0.2336,+1.0523,-0.4156,+1.2522,-0.4133]

  B (SE-BINN, std) final:
    Interior rel L2  : 2.144e-03
    Interior L∞      : 9.432e-03
    Density rel-diff : 0.4670
    γ final          : [+1.08773,-0.23364,+1.05234,-0.41561,+1.25222,-0.41326]
    γ_true           : [np.float64(1.0), np.float64(-0.5), np.float64(1.0), np.float64(-0.5), np.float64(1.0), np.float64(-0.5)]
    ‖γ−γ_true‖/‖γ_true‖ : 0.2063
    LBFGS reason     : maxIters
    Wall time        : 291.6s

====================================================================
  Case C (BINN, prec) | L_prec [γ frozen=0]
====================================================================
  γ frozen at 0
  trainable params: 19761 | n_gamma=6 | loss=preconditioned_loss
phase 1/1 | iters=1000 | lr=1.0e-03 | Nb=2304
  Adam    1 | loss=3.164e+00 | mse_unsc=3.164e+00 | gamma=[0.0000, 0.0000, 0.0000, 0.0000, 0.0000, 0.0000] | phase=1
  Adam  200 | loss=1.592e+00 | mse_unsc=1.592e+00 | gamma=[0.0000, 0.0000, 0.0000, 0.0000, 0.0000, 0.0000] | phase=1
  Adam  400 | loss=1.127e+00 | mse_unsc=1.127e+00 | gamma=[0.0000, 0.0000, 0.0000, 0.0000, 0.0000, 0.0000] | phase=1
  Adam  600 | loss=1.116e+00 | mse_unsc=1.116e+00 | gamma=[0.0000, 0.0000, 0.0000, 0.0000, 0.0000, 0.0000] | phase=1
  Adam  800 | loss=9.580e-01 | mse_unsc=9.580e-01 | gamma=[0.0000, 0.0000, 0.0000, 0.0000, 0.0000, 0.0000] | phase=1
  Adam 1000 | loss=9.072e-01 | mse_unsc=9.072e-01 | gamma=[0.0000, 0.0000, 0.0000, 0.0000, 0.0000, 0.0000] | phase=1
Adam done | total_iters=1000 | final_loss=9.072e-01
  [C (BINN, prec)] Adam-ph1: loss=9.072e-01 | d_err=0.5414 | iL2=4.512e-01 | γ=[+0.0000,+0.0000,+0.0000,+0.0000,+0.0000,+0.0000]
phase 1/1 | iters=1000 | lr=3.0e-04 | Nb=2304
  Adam    1 | loss=9.248e-01 | mse_unsc=9.248e-01 | gamma=[0.0000, 0.0000, 0.0000, 0.0000, 0.0000, 0.0000] | phase=1
  Adam  200 | loss=8.769e-01 | mse_unsc=8.769e-01 | gamma=[0.0000, 0.0000, 0.0000, 0.0000, 0.0000, 0.0000] | phase=1
  Adam  400 | loss=8.524e-01 | mse_unsc=8.524e-01 | gamma=[0.0000, 0.0000, 0.0000, 0.0000, 0.0000, 0.0000] | phase=1
  Adam  600 | loss=8.273e-01 | mse_unsc=8.273e-01 | gamma=[0.0000, 0.0000, 0.0000, 0.0000, 0.0000, 0.0000] | phase=1
  Adam  800 | loss=8.035e-01 | mse_unsc=8.035e-01 | gamma=[0.0000, 0.0000, 0.0000, 0.0000, 0.0000, 0.0000] | phase=1
  Adam 1000 | loss=7.807e-01 | mse_unsc=7.807e-01 | gamma=[0.0000, 0.0000, 0.0000, 0.0000, 0.0000, 0.0000] | phase=1
Adam done | total_iters=1000 | final_loss=7.807e-01
  [C (BINN, prec)] Adam-ph2: loss=7.807e-01 | d_err=0.4974 | iL2=5.329e-02 | γ=[+0.0000,+0.0000,+0.0000,+0.0000,+0.0000,+0.0000]
phase 1/1 | iters=1000 | lr=1.0e-04 | Nb=2304
  Adam    1 | loss=7.806e-01 | mse_unsc=7.806e-01 | gamma=[0.0000, 0.0000, 0.0000, 0.0000, 0.0000, 0.0000] | phase=1
  Adam  200 | loss=7.739e-01 | mse_unsc=7.739e-01 | gamma=[0.0000, 0.0000, 0.0000, 0.0000, 0.0000, 0.0000] | phase=1
  Adam  400 | loss=7.636e-01 | mse_unsc=7.636e-01 | gamma=[0.0000, 0.0000, 0.0000, 0.0000, 0.0000, 0.0000] | phase=1
  Adam  600 | loss=7.515e-01 | mse_unsc=7.515e-01 | gamma=[0.0000, 0.0000, 0.0000, 0.0000, 0.0000, 0.0000] | phase=1
  Adam  800 | loss=7.389e-01 | mse_unsc=7.389e-01 | gamma=[0.0000, 0.0000, 0.0000, 0.0000, 0.0000, 0.0000] | phase=1
  Adam 1000 | loss=7.260e-01 | mse_unsc=7.260e-01 | gamma=[0.0000, 0.0000, 0.0000, 0.0000, 0.0000, 0.0000] | phase=1
Adam done | total_iters=1000 | final_loss=7.260e-01
  [C (BINN, prec)] Adam-ph3: loss=7.260e-01 | d_err=0.4797 | iL2=4.869e-02 | γ=[+0.0000,+0.0000,+0.0000,+0.0000,+0.0000,+0.0000]

  [C (BINN, prec)] L-BFGS: max=15000 | mem=30 | grad_tol=1e-10
LBFGS    1 | loss=7.259e-01 | gradNorm=1.100e+00 | alpha=5.00e-02 | stepNorm=3.32e-03
LBFGS  200 | loss=5.921e-01 | gradNorm=1.029e+00 | alpha=1.00e-01 | stepNorm=2.27e-02
LBFGS  400 | loss=5.053e-01 | gradNorm=6.323e-01 | alpha=1.00e-01 | stepNorm=5.66e-03
LBFGS  600 | loss=4.591e-01 | gradNorm=3.701e-01 | alpha=1.00e-01 | stepNorm=2.16e-03
LBFGS  800 | loss=3.963e-01 | gradNorm=4.348e-01 | alpha=1.00e-01 | stepNorm=9.29e-03
LBFGS 1000 | loss=3.537e-01 | gradNorm=2.116e+00 | alpha=1.00e-01 | stepNorm=4.62e-03
LBFGS 1200 | loss=3.126e-01 | gradNorm=7.191e-01 | alpha=1.00e-01 | stepNorm=8.30e-03
LBFGS 1400 | loss=2.889e-01 | gradNorm=4.955e-01 | alpha=1.00e-01 | stepNorm=4.90e-03
LBFGS 1600 | loss=2.593e-01 | gradNorm=9.103e-01 | alpha=1.00e-01 | stepNorm=8.80e-03
LBFGS 1800 | loss=2.380e-01 | gradNorm=1.226e+00 | alpha=1.00e-01 | stepNorm=4.72e-03
LBFGS 2000 | loss=2.208e-01 | gradNorm=1.131e+00 | alpha=1.00e-01 | stepNorm=9.92e-03
LBFGS 2200 | loss=2.041e-01 | gradNorm=8.884e-01 | alpha=1.00e-01 | stepNorm=4.75e-03
LBFGS 2400 | loss=1.917e-01 | gradNorm=6.029e-01 | alpha=1.00e-01 | stepNorm=4.11e-03
LBFGS 2600 | loss=1.823e-01 | gradNorm=9.146e-01 | alpha=1.00e-01 | stepNorm=3.17e-03
LBFGS 2800 | loss=1.714e-01 | gradNorm=8.635e-01 | alpha=1.00e-01 | stepNorm=4.99e-03
LBFGS 3000 | loss=1.637e-01 | gradNorm=3.684e+00 | alpha=1.00e-01 | stepNorm=4.54e-03
LBFGS 3200 | loss=1.552e-01 | gradNorm=8.039e-01 | alpha=1.00e-01 | stepNorm=9.74e-03
LBFGS 3400 | loss=1.468e-01 | gradNorm=4.165e-01 | alpha=1.00e-01 | stepNorm=3.19e-03
LBFGS 3600 | loss=1.406e-01 | gradNorm=4.553e-01 | alpha=1.00e-01 | stepNorm=4.89e-03
LBFGS 3800 | loss=1.344e-01 | gradNorm=1.571e+00 | alpha=1.00e-01 | stepNorm=4.35e-03
LBFGS 4000 | loss=1.285e-01 | gradNorm=1.354e+00 | alpha=1.00e-01 | stepNorm=4.41e-03
LBFGS 4200 | loss=1.246e-01 | gradNorm=8.506e-01 | alpha=1.00e-01 | stepNorm=1.05e-03
LBFGS 4400 | loss=1.213e-01 | gradNorm=3.761e-01 | alpha=1.00e-01 | stepNorm=2.45e-03
LBFGS 4600 | loss=1.188e-01 | gradNorm=2.767e-01 | alpha=1.00e-01 | stepNorm=4.19e-04
LBFGS 4800 | loss=1.165e-01 | gradNorm=7.787e-01 | alpha=1.00e-01 | stepNorm=1.51e-03
LBFGS 5000 | loss=1.143e-01 | gradNorm=5.949e-01 | alpha=1.00e-01 | stepNorm=1.16e-03
LBFGS 5200 | loss=1.117e-01 | gradNorm=7.658e-01 | alpha=1.00e-01 | stepNorm=2.27e-03
LBFGS 5400 | loss=1.101e-01 | gradNorm=3.730e-01 | alpha=1.00e-01 | stepNorm=2.17e-03
LBFGS 5600 | loss=1.086e-01 | gradNorm=3.119e-01 | alpha=1.00e-01 | stepNorm=4.85e-04
LBFGS 5800 | loss=1.072e-01 | gradNorm=4.481e-01 | alpha=1.00e-01 | stepNorm=6.16e-04
LBFGS 6000 | loss=1.057e-01 | gradNorm=3.343e-01 | alpha=1.00e-01 | stepNorm=9.60e-04
LBFGS 6200 | loss=1.042e-01 | gradNorm=3.280e-01 | alpha=1.00e-01 | stepNorm=9.73e-04
LBFGS 6400 | loss=1.022e-01 | gradNorm=7.888e-01 | alpha=1.00e-01 | stepNorm=2.02e-03
LBFGS 6600 | loss=1.006e-01 | gradNorm=4.317e-01 | alpha=1.00e-01 | stepNorm=2.45e-04
LBFGS 6800 | loss=9.921e-02 | gradNorm=4.376e-01 | alpha=1.00e-01 | stepNorm=2.61e-03
LBFGS 7000 | loss=9.730e-02 | gradNorm=3.180e-01 | alpha=1.00e-01 | stepNorm=1.68e-03
LBFGS 7200 | loss=9.574e-02 | gradNorm=2.783e-01 | alpha=1.00e-01 | stepNorm=7.08e-04
LBFGS 7400 | loss=9.413e-02 | gradNorm=4.209e-01 | alpha=1.00e-01 | stepNorm=1.39e-03
LBFGS 7600 | loss=9.204e-02 | gradNorm=7.264e-01 | alpha=1.00e-01 | stepNorm=2.72e-03
LBFGS 7800 | loss=9.024e-02 | gradNorm=6.391e-01 | alpha=1.00e-01 | stepNorm=9.35e-04
LBFGS 8000 | loss=8.887e-02 | gradNorm=2.463e-01 | alpha=1.00e-01 | stepNorm=1.09e-03
LBFGS 8200 | loss=8.704e-02 | gradNorm=5.451e-01 | alpha=1.00e-01 | stepNorm=2.68e-03
LBFGS 8400 | loss=8.475e-02 | gradNorm=3.815e-01 | alpha=1.00e-01 | stepNorm=9.37e-04
LBFGS 8600 | loss=8.260e-02 | gradNorm=4.759e-01 | alpha=1.00e-01 | stepNorm=1.22e-03
LBFGS 8800 | loss=8.083e-02 | gradNorm=7.430e-01 | alpha=1.00e-01 | stepNorm=9.20e-04
LBFGS 9000 | loss=7.857e-02 | gradNorm=4.097e-01 | alpha=1.00e-01 | stepNorm=1.09e-03
LBFGS 9200 | loss=7.676e-02 | gradNorm=2.645e-01 | alpha=1.00e-01 | stepNorm=1.68e-03
LBFGS 9400 | loss=7.466e-02 | gradNorm=3.767e-01 | alpha=1.00e-01 | stepNorm=3.61e-03
LBFGS 9600 | loss=7.239e-02 | gradNorm=1.158e+00 | alpha=1.00e-01 | stepNorm=1.03e-03
LBFGS 9800 | loss=7.038e-02 | gradNorm=5.345e-01 | alpha=1.00e-01 | stepNorm=1.10e-03
LBFGS 10000 | loss=6.900e-02 | gradNorm=3.777e-01 | alpha=1.00e-01 | stepNorm=1.14e-03
LBFGS 10200 | loss=6.793e-02 | gradNorm=2.608e-01 | alpha=1.00e-01 | stepNorm=7.15e-04
LBFGS 10400 | loss=6.633e-02 | gradNorm=3.683e-01 | alpha=1.00e-01 | stepNorm=8.37e-04
LBFGS 10600 | loss=6.487e-02 | gradNorm=4.222e-01 | alpha=1.00e-01 | stepNorm=8.23e-04
LBFGS 10800 | loss=6.319e-02 | gradNorm=1.419e-01 | alpha=1.00e-01 | stepNorm=2.21e-04
LBFGS 11000 | loss=6.191e-02 | gradNorm=2.577e-01 | alpha=1.00e-01 | stepNorm=1.00e-03
LBFGS 11200 | loss=6.056e-02 | gradNorm=2.538e-01 | alpha=1.00e-01 | stepNorm=1.29e-03
LBFGS 11400 | loss=5.930e-02 | gradNorm=3.321e-01 | alpha=1.00e-01 | stepNorm=4.75e-04
LBFGS 11600 | loss=5.803e-02 | gradNorm=3.501e-01 | alpha=1.00e-01 | stepNorm=1.40e-03
LBFGS 11800 | loss=5.640e-02 | gradNorm=2.967e-01 | alpha=1.00e-01 | stepNorm=1.92e-03
LBFGS 12000 | loss=5.536e-02 | gradNorm=1.963e-01 | alpha=1.00e-01 | stepNorm=6.85e-04
LBFGS 12200 | loss=5.454e-02 | gradNorm=2.127e-01 | alpha=1.00e-01 | stepNorm=7.71e-04
LBFGS 12400 | loss=5.369e-02 | gradNorm=1.465e-01 | alpha=1.00e-01 | stepNorm=8.99e-04
LBFGS 12600 | loss=5.256e-02 | gradNorm=2.472e-01 | alpha=1.00e-01 | stepNorm=1.14e-03
LBFGS 12800 | loss=5.162e-02 | gradNorm=6.811e-01 | alpha=1.00e-01 | stepNorm=2.71e-03
LBFGS 13000 | loss=5.080e-02 | gradNorm=3.444e-01 | alpha=1.00e-01 | stepNorm=3.20e-04
LBFGS 13200 | loss=4.982e-02 | gradNorm=6.107e-01 | alpha=1.00e-01 | stepNorm=7.34e-04
LBFGS 13400 | loss=4.899e-02 | gradNorm=2.023e-01 | alpha=1.00e-01 | stepNorm=8.42e-04
LBFGS 13600 | loss=4.814e-02 | gradNorm=3.223e-01 | alpha=1.00e-01 | stepNorm=1.88e-03
LBFGS 13800 | loss=4.700e-02 | gradNorm=3.594e-01 | alpha=1.00e-01 | stepNorm=2.29e-03
LBFGS 14000 | loss=4.602e-02 | gradNorm=2.034e-01 | alpha=1.00e-01 | stepNorm=1.21e-03
LBFGS 14200 | loss=4.510e-02 | gradNorm=2.893e-01 | alpha=1.00e-01 | stepNorm=1.13e-03
LBFGS 14400 | loss=4.426e-02 | gradNorm=1.984e-01 | alpha=1.00e-01 | stepNorm=1.49e-03
LBFGS 14600 | loss=4.366e-02 | gradNorm=2.740e-01 | alpha=1.00e-01 | stepNorm=1.11e-03
LBFGS 14800 | loss=4.298e-02 | gradNorm=2.145e-01 | alpha=1.00e-01 | stepNorm=7.68e-04
LBFGS 15000 | loss=4.244e-02 | gradNorm=1.451e-01 | alpha=1.00e-01 | stepNorm=3.17e-04
LBFGS done | iters=15000 | reason=maxIters | ls_failures=0
  [C (BINN, prec)] LBFGS: loss=4.244e-02 | d_err=0.1160 | iL2=1.480e-02 | γ=[+0.0000,+0.0000,+0.0000,+0.0000,+0.0000,+0.0000]

  C (BINN, prec) final:
    Interior rel L2  : 1.490e-02
    Interior L∞      : 4.324e-03
    Density rel-diff : 0.1160
    γ final          : [+0.00000,+0.00000,+0.00000,+0.00000,+0.00000,+0.00000]
    γ_true           : [np.float64(1.0), np.float64(-0.5), np.float64(1.0), np.float64(-0.5), np.float64(1.0), np.float64(-0.5)]
    ‖γ−γ_true‖/‖γ_true‖ : 1.0000
    LBFGS reason     : maxIters
    Wall time        : 341.8s

====================================================================
  Case D (SE-BINN, prec) | L_prec [γ trainable]
====================================================================
  trainable params: 19767 | n_gamma=6 | loss=preconditioned_loss
phase 1/1 | iters=1000 | lr=1.0e-03 | Nb=2304
  Adam    1 | loss=3.164e+00 | mse_unsc=3.164e+00 | gamma=[0.0000, 0.0000, 0.0000, 0.0000, 0.0000, 0.0000] | phase=1
  Adam  200 | loss=1.409e+00 | mse_unsc=1.409e+00 | gamma=[0.1145, -0.1464, 0.1166, -0.1734, 0.2102, -0.1771] | phase=1
  Adam  400 | loss=1.058e+00 | mse_unsc=1.058e+00 | gamma=[0.1897, -0.2087, 0.1948, -0.2661, 0.3426, -0.2556] | phase=1
  Adam  600 | loss=9.550e-01 | mse_unsc=9.550e-01 | gamma=[0.2528, -0.2821, 0.2607, -0.2876, 0.4091, -0.2958] | phase=1
  Adam  800 | loss=8.859e-01 | mse_unsc=8.859e-01 | gamma=[0.3225, -0.3533, 0.3284, -0.3130, 0.4701, -0.3333] | phase=1
  Adam 1000 | loss=8.166e-01 | mse_unsc=8.166e-01 | gamma=[0.3908, -0.4068, 0.3999, -0.3460, 0.5232, -0.3650] | phase=1
Adam done | total_iters=1000 | final_loss=8.166e-01
  [D (SE-BINN, prec)] Adam-ph1: loss=8.166e-01 | d_err=0.5088 | iL2=7.402e-02 | γ=[+0.3911,-0.4070,+0.4002,-0.3462,+0.5234,-0.3651]
phase 1/1 | iters=1000 | lr=3.0e-04 | Nb=2304
  Adam    1 | loss=8.170e-01 | mse_unsc=8.170e-01 | gamma=[0.3911, -0.4070, 0.4002, -0.3462, 0.5234, -0.3651] | phase=1
  Adam  200 | loss=7.911e-01 | mse_unsc=7.911e-01 | gamma=[0.4371, -0.4339, 0.4480, -0.3735, 0.5671, -0.3845] | phase=1
  Adam  400 | loss=7.615e-01 | mse_unsc=7.615e-01 | gamma=[0.4903, -0.4567, 0.4999, -0.4088, 0.6146, -0.4034] | phase=1
  Adam  600 | loss=7.336e-01 | mse_unsc=7.336e-01 | gamma=[0.5430, -0.4658, 0.5487, -0.4376, 0.6582, -0.4114] | phase=1
  Adam  800 | loss=7.064e-01 | mse_unsc=7.064e-01 | gamma=[0.5934, -0.4586, 0.5949, -0.4535, 0.6974, -0.4113] | phase=1
  Adam 1000 | loss=6.793e-01 | mse_unsc=6.793e-01 | gamma=[0.6400, -0.4375, 0.6395, -0.4550, 0.7331, -0.4088] | phase=1
Adam done | total_iters=1000 | final_loss=6.793e-01
  [D (SE-BINN, prec)] Adam-ph2: loss=6.793e-01 | d_err=0.4639 | iL2=4.152e-02 | γ=[+0.6402,-0.4374,+0.6397,-0.4550,+0.7333,-0.4087]
phase 1/1 | iters=1000 | lr=1.0e-04 | Nb=2304
  Adam    1 | loss=6.791e-01 | mse_unsc=6.791e-01 | gamma=[0.6402, -0.4374, 0.6397, -0.4550, 0.7333, -0.4087] | phase=1
  Adam  200 | loss=6.705e-01 | mse_unsc=6.705e-01 | gamma=[0.6569, -0.4292, 0.6566, -0.4529, 0.7485, -0.4078] | phase=1
  Adam  400 | loss=6.573e-01 | mse_unsc=6.573e-01 | gamma=[0.6752, -0.4158, 0.6751, -0.4476, 0.7657, -0.4065] | phase=1
  Adam  600 | loss=6.414e-01 | mse_unsc=6.414e-01 | gamma=[0.6933, -0.3989, 0.6932, -0.4394, 0.7830, -0.4052] | phase=1
  Adam  800 | loss=6.234e-01 | mse_unsc=6.234e-01 | gamma=[0.7108, -0.3803, 0.7107, -0.4294, 0.8000, -0.4043] | phase=1
  Adam 1000 | loss=6.050e-01 | mse_unsc=6.050e-01 | gamma=[0.7277, -0.3621, 0.7272, -0.4191, 0.8163, -0.4039] | phase=1
Adam done | total_iters=1000 | final_loss=6.050e-01
  [D (SE-BINN, prec)] Adam-ph3: loss=6.050e-01 | d_err=0.4378 | iL2=3.737e-02 | γ=[+0.7278,-0.3620,+0.7273,-0.4190,+0.8164,-0.4039]

  [D (SE-BINN, prec)] L-BFGS: max=15000 | mem=30 | grad_tol=1e-10
LBFGS    1 | loss=6.046e-01 | gradNorm=8.745e-01 | alpha=1.00e-01 | stepNorm=7.83e-03
LBFGS  200 | loss=4.582e-01 | gradNorm=1.369e+00 | alpha=1.00e-01 | stepNorm=3.79e-02
LBFGS  400 | loss=3.630e-01 | gradNorm=2.998e+00 | alpha=1.00e-01 | stepNorm=2.54e-02
LBFGS  600 | loss=2.744e-01 | gradNorm=8.575e-01 | alpha=1.00e-01 | stepNorm=3.68e-02
LBFGS  800 | loss=2.036e-01 | gradNorm=7.794e-01 | alpha=1.00e-01 | stepNorm=1.65e-02
LBFGS 1000 | loss=1.683e-01 | gradNorm=1.135e+00 | alpha=1.00e-01 | stepNorm=2.28e-02
LBFGS 1200 | loss=1.454e-01 | gradNorm=1.634e+00 | alpha=1.00e-01 | stepNorm=9.95e-03
LBFGS 1400 | loss=1.321e-01 | gradNorm=1.779e+00 | alpha=1.00e-01 | stepNorm=2.51e-03
LBFGS 1600 | loss=1.190e-01 | gradNorm=7.600e-01 | alpha=1.00e-01 | stepNorm=4.10e-03
LBFGS 1800 | loss=1.086e-01 | gradNorm=2.582e+00 | alpha=1.00e-01 | stepNorm=5.76e-04
LBFGS 2000 | loss=9.773e-02 | gradNorm=8.972e-01 | alpha=1.00e-01 | stepNorm=6.19e-03
LBFGS 2200 | loss=8.597e-02 | gradNorm=1.509e+00 | alpha=1.00e-01 | stepNorm=1.10e-02
LBFGS 2400 | loss=7.763e-02 | gradNorm=7.874e-01 | alpha=1.00e-01 | stepNorm=2.82e-03
LBFGS 2600 | loss=7.124e-02 | gradNorm=4.563e-01 | alpha=1.00e-01 | stepNorm=1.20e-03
LBFGS 2800 | loss=6.586e-02 | gradNorm=8.050e-01 | alpha=1.00e-01 | stepNorm=2.74e-03
LBFGS 3000 | loss=6.151e-02 | gradNorm=2.781e-01 | alpha=1.00e-01 | stepNorm=3.83e-03
LBFGS 3200 | loss=5.698e-02 | gradNorm=1.635e+00 | alpha=1.00e-01 | stepNorm=2.66e-03
LBFGS 3400 | loss=5.314e-02 | gradNorm=1.091e+00 | alpha=1.00e-01 | stepNorm=4.53e-03
LBFGS 3600 | loss=4.995e-02 | gradNorm=4.442e-01 | alpha=1.00e-01 | stepNorm=1.04e-02
LBFGS 3800 | loss=4.611e-02 | gradNorm=6.797e-01 | alpha=1.00e-01 | stepNorm=5.80e-03
LBFGS 4000 | loss=4.323e-02 | gradNorm=1.370e+00 | alpha=1.00e-01 | stepNorm=2.24e-02
LBFGS 4200 | loss=4.042e-02 | gradNorm=1.091e+00 | alpha=1.00e-01 | stepNorm=4.84e-03
LBFGS 4400 | loss=3.758e-02 | gradNorm=3.864e-01 | alpha=1.00e-01 | stepNorm=3.03e-03
LBFGS 4600 | loss=3.512e-02 | gradNorm=3.528e-01 | alpha=1.00e-01 | stepNorm=5.50e-03
LBFGS 4800 | loss=3.294e-02 | gradNorm=2.201e-01 | alpha=1.00e-01 | stepNorm=2.07e-03
LBFGS 5000 | loss=3.103e-02 | gradNorm=2.621e-01 | alpha=1.00e-01 | stepNorm=6.13e-03
LBFGS 5200 | loss=2.903e-02 | gradNorm=7.367e-01 | alpha=1.00e-01 | stepNorm=1.74e-03
LBFGS 5400 | loss=2.531e-02 | gradNorm=3.298e-01 | alpha=1.00e-01 | stepNorm=9.93e-03
LBFGS 5600 | loss=2.346e-02 | gradNorm=7.913e-01 | alpha=1.00e-01 | stepNorm=7.74e-03
LBFGS 5800 | loss=2.190e-02 | gradNorm=3.275e-01 | alpha=1.00e-01 | stepNorm=9.33e-04
LBFGS 6000 | loss=2.013e-02 | gradNorm=1.928e-01 | alpha=1.00e-01 | stepNorm=1.95e-03
LBFGS 6200 | loss=1.870e-02 | gradNorm=8.236e-01 | alpha=1.00e-01 | stepNorm=3.06e-03
LBFGS 6400 | loss=1.694e-02 | gradNorm=6.078e-01 | alpha=1.00e-01 | stepNorm=2.05e-03
LBFGS 6600 | loss=1.527e-02 | gradNorm=4.073e-01 | alpha=1.00e-01 | stepNorm=5.57e-04
LBFGS 6800 | loss=1.430e-02 | gradNorm=1.150e-01 | alpha=1.00e-01 | stepNorm=9.65e-05
LBFGS 7000 | loss=1.398e-02 | gradNorm=1.169e-01 | alpha=1.00e-01 | stepNorm=2.81e-05
LBFGS 7200 | loss=1.366e-02 | gradNorm=1.058e-01 | alpha=1.00e-01 | stepNorm=9.07e-05
LBFGS 7400 | loss=1.308e-02 | gradNorm=5.748e-01 | alpha=1.00e-01 | stepNorm=3.81e-04
LBFGS 7600 | loss=1.266e-02 | gradNorm=2.406e-01 | alpha=1.00e-01 | stepNorm=5.89e-04
LBFGS 7800 | loss=1.226e-02 | gradNorm=6.170e-01 | alpha=1.00e-01 | stepNorm=2.95e-04
LBFGS 8000 | loss=1.189e-02 | gradNorm=3.160e-01 | alpha=1.00e-01 | stepNorm=7.29e-04
LBFGS 8200 | loss=1.153e-02 | gradNorm=7.159e-02 | alpha=1.00e-01 | stepNorm=4.81e-05
LBFGS 8400 | loss=1.128e-02 | gradNorm=2.572e-01 | alpha=1.00e-01 | stepNorm=8.16e-04
LBFGS 8600 | loss=1.106e-02 | gradNorm=5.065e-01 | alpha=1.00e-01 | stepNorm=3.25e-04
LBFGS 8800 | loss=1.081e-02 | gradNorm=8.123e-02 | alpha=1.00e-01 | stepNorm=7.27e-05
LBFGS 9000 | loss=1.062e-02 | gradNorm=1.168e-01 | alpha=1.00e-01 | stepNorm=8.09e-05
LBFGS 9200 | loss=1.047e-02 | gradNorm=2.387e-01 | alpha=1.00e-01 | stepNorm=1.27e-04
LBFGS 9400 | loss=1.025e-02 | gradNorm=4.583e-01 | alpha=1.00e-01 | stepNorm=2.08e-04
LBFGS 9600 | loss=9.939e-03 | gradNorm=1.609e-01 | alpha=1.00e-01 | stepNorm=4.62e-04
LBFGS 9800 | loss=9.776e-03 | gradNorm=1.176e-01 | alpha=1.00e-01 | stepNorm=1.98e-04
LBFGS 10000 | loss=9.582e-03 | gradNorm=1.350e-01 | alpha=1.00e-01 | stepNorm=4.99e-04
LBFGS 10200 | loss=9.346e-03 | gradNorm=1.848e-01 | alpha=1.00e-01 | stepNorm=5.93e-04
LBFGS 10400 | loss=9.168e-03 | gradNorm=1.881e-01 | alpha=1.00e-01 | stepNorm=6.44e-04
LBFGS 10600 | loss=8.943e-03 | gradNorm=1.623e-01 | alpha=1.00e-01 | stepNorm=3.27e-04
LBFGS 10800 | loss=8.628e-03 | gradNorm=1.717e-01 | alpha=1.00e-01 | stepNorm=4.80e-03
LBFGS 11000 | loss=8.290e-03 | gradNorm=2.161e-01 | alpha=1.00e-01 | stepNorm=1.75e-03
LBFGS 11200 | loss=7.731e-03 | gradNorm=4.473e-01 | alpha=1.00e-01 | stepNorm=1.65e-03
LBFGS 11400 | loss=7.193e-03 | gradNorm=4.426e-01 | alpha=1.00e-01 | stepNorm=3.20e-03
LBFGS 11600 | loss=6.748e-03 | gradNorm=1.423e-01 | alpha=1.00e-01 | stepNorm=2.29e-03
LBFGS 11800 | loss=6.302e-03 | gradNorm=1.607e-01 | alpha=1.00e-01 | stepNorm=3.67e-04
LBFGS 12000 | loss=5.964e-03 | gradNorm=1.443e-01 | alpha=1.00e-01 | stepNorm=1.19e-03
LBFGS 12200 | loss=5.667e-03 | gradNorm=4.262e-01 | alpha=1.00e-01 | stepNorm=5.17e-04
LBFGS 12400 | loss=5.274e-03 | gradNorm=9.845e-02 | alpha=1.00e-01 | stepNorm=2.86e-04
LBFGS 12600 | loss=5.026e-03 | gradNorm=1.823e-01 | alpha=1.00e-01 | stepNorm=1.22e-03
LBFGS 12800 | loss=4.781e-03 | gradNorm=1.983e-01 | alpha=1.00e-01 | stepNorm=4.22e-04
LBFGS 13000 | loss=4.604e-03 | gradNorm=1.611e-01 | alpha=1.00e-01 | stepNorm=3.15e-04
LBFGS 13200 | loss=4.365e-03 | gradNorm=6.541e-02 | alpha=1.00e-01 | stepNorm=8.23e-05
LBFGS 13400 | loss=4.235e-03 | gradNorm=4.205e-02 | alpha=1.00e-01 | stepNorm=1.47e-04
LBFGS 13600 | loss=4.150e-03 | gradNorm=1.430e-01 | alpha=1.00e-01 | stepNorm=5.77e-05
LBFGS 13800 | loss=4.091e-03 | gradNorm=5.899e-02 | alpha=1.00e-01 | stepNorm=4.26e-05
LBFGS 14000 | loss=4.022e-03 | gradNorm=5.018e-02 | alpha=1.00e-01 | stepNorm=3.21e-04
LBFGS 14200 | loss=3.964e-03 | gradNorm=9.388e-02 | alpha=1.00e-01 | stepNorm=3.78e-04
LBFGS 14400 | loss=3.886e-03 | gradNorm=5.637e-02 | alpha=1.00e-01 | stepNorm=1.58e-04
LBFGS 14600 | loss=3.817e-03 | gradNorm=7.268e-02 | alpha=1.00e-01 | stepNorm=6.74e-04
LBFGS 14800 | loss=3.756e-03 | gradNorm=1.005e-01 | alpha=1.00e-01 | stepNorm=2.46e-04
LBFGS 15000 | loss=3.699e-03 | gradNorm=1.012e-01 | alpha=1.00e-01 | stepNorm=1.13e-04
LBFGS done | iters=15000 | reason=maxIters | ls_failures=0
  [D (SE-BINN, prec)] LBFGS: loss=3.699e-03 | d_err=0.0342 | iL2=1.806e-03 | γ=[+0.9738,-0.4337,+0.9767,-0.5306,+1.0522,-0.5361]

  D (SE-BINN, prec) final:
    Interior rel L2  : 1.838e-03
    Interior L∞      : 1.010e-03
    Density rel-diff : 0.0342
    γ final          : [+0.97379,-0.43374,+0.97669,-0.53061,+1.05221,-0.53605]
    γ_true           : [np.float64(1.0), np.float64(-0.5), np.float64(1.0), np.float64(-0.5), np.float64(1.0), np.float64(-0.5)]
    ‖γ−γ_true‖/‖γ_true‖ : 0.0531
    LBFGS reason     : maxIters
    Wall time        : 373.2s

================================================================================
  RESULTS — Preconditioner phase 0
================================================================================
  γ_true   = [np.float64(1.0), np.float64(-0.5), np.float64(1.0), np.float64(-0.5), np.float64(1.0), np.float64(-0.5)]
  γ*_lstsq = [np.float64(1.1013), np.float64(-0.7027), np.float64(1.1013), np.float64(-0.3987), np.float64(0.7973), np.float64(-0.3987)]
  Enrichment energy (lstsq) = 31.19%
  cond(V)  = 1.337e+04

  Metric                       |          A (BINN, std) |       B (SE-BINN, std) |         C (BINN, prec) |      D (SE-BINN, prec)
  --------------------------------------------------------------------------------------------------------------------------------
  Interior rel L2              |              3.427e-03 |              2.144e-03 |              1.490e-02 |              1.838e-03
  Interior L∞                  |              8.376e-03 |              9.432e-03 |              4.324e-03 |              1.010e-03
  Density rel-diff             |              4.988e-01 |              4.670e-01 |              1.160e-01 |              3.424e-02
  γ error ‖γ−γ_true‖/‖γ_true‖  |              1.000e+00 |              2.063e-01 |              1.000e+00 |              5.313e-02
  --------------------------------------------------------------------------------------------------------------------------------
  Wall time                    |                 525.2s |                 291.6s |                 341.8s |                 373.2s
  LBFGS reason                 |               maxIters |               maxIters |               maxIters |               maxIters
  --------------------------------------------------------------------------------------------------------------------------------

  Best std  (A/B) density rel-diff : 0.4670
  Best prec (C/D) density rel-diff : 0.0342
  Preconditioning improvement      : 13.64×
  → Hypothesis H1 SUPPORTED: conditioning is a major bottleneck.

--- Figures ---
  saved phase0_density_convergence → /Users/ismaillabaali/SEBINN/experiments/ex1_Koch/figures/phase0_density_convergence.png
  saved phase0_comparison → /Users/ismaillabaali/SEBINN/experiments/ex1_Koch/figures/phase0_comparison.png
  saved phase0_loss → /Users/ismaillabaali/SEBINN/experiments/ex1_Koch/figures/phase0_loss.png

  Total wall time: 1547.0s
  Done.
